[0.094s] DEBUG:colcon:Command line arguments: ['/usr/bin/colcon', 'build', '--cmake-args', '-DCMAKE_C_FLAGS=-fPIC', '--packages-select', 'interfaces']
[0.095s] DEBUG:colcon:Parsed command line arguments: Namespace(allow_overriding=[], ament_cmake_args=None, base_paths=['.'], build_base='build', catkin_cmake_args=None, catkin_skip_building_tests=False, cmake_args=['-DCMAKE_C_FLAGS=-fPIC'], cmake_clean_cache=False, cmake_clean_first=False, cmake_force_configure=False, cmake_target=None, cmake_target_skip_unavailable=False, continue_on_error=False, event_handlers=None, executor='parallel', ignore_user_meta=False, install_base='install', log_base=None, log_level=None, main=<bound method BuildVerb.main of <colcon_core.verb.build.BuildVerb object at 0x7fad53e9e5b0>>, merge_install=False, metas=['./colcon.meta'], packages_above=None, packages_above_and_dependencies=None, packages_above_depth=None, packages_end=None, packages_ignore=None, packages_ignore_regex=None, packages_select=['interfaces'], packages_select_build_failed=False, packages_select_by_dep=None, packages_select_regex=None, packages_select_test_failures=False, packages_skip=None, packages_skip_build_finished=False, packages_skip_by_dep=None, packages_skip_regex=None, packages_skip_test_passed=False, packages_skip_up_to=None, packages_start=None, packages_up_to=None, packages_up_to_regex=None, parallel_workers=48, paths=None, symlink_install=False, test_result_base=None, verb_extension=<colcon_core.verb.build.BuildVerb object at 0x7fad53e9e5b0>, verb_name='build', verb_parser=<colcon_defaults.argument_parser.defaults.DefaultArgumentsDecorator object at 0x7fad53e9eaf0>)
[0.110s] Level 1:colcon.colcon_core.package_discovery:discover_packages(colcon_meta) check parameters
[0.110s] Level 1:colcon.colcon_core.package_discovery:discover_packages(recursive) check parameters
[0.110s] Level 1:colcon.colcon_core.package_discovery:discover_packages(ignore) check parameters
[0.110s] Level 1:colcon.colcon_core.package_discovery:discover_packages(path) check parameters
[0.110s] Level 1:colcon.colcon_core.package_discovery:discover_packages(colcon_meta) discover
[0.110s] Level 1:colcon.colcon_core.package_discovery:discover_packages(recursive) discover
[0.110s] INFO:colcon.colcon_core.package_discovery:Crawling recursively for packages in '/home/nishimura/program/moriSDS/DiaROS_ros'
[0.110s] Level 1:colcon.colcon_core.package_identification:_identify(.) by extensions ['ignore', 'ignore_ament_install']
[0.110s] Level 1:colcon.colcon_core.package_identification:_identify(.) by extension 'ignore'
[0.110s] Level 1:colcon.colcon_core.package_identification:_identify(.) by extension 'ignore_ament_install'
[0.110s] Level 1:colcon.colcon_core.package_identification:_identify(.) by extensions ['colcon_pkg']
[0.110s] Level 1:colcon.colcon_core.package_identification:_identify(.) by extension 'colcon_pkg'
[0.110s] Level 1:colcon.colcon_core.package_identification:_identify(.) by extensions ['colcon_meta']
[0.110s] Level 1:colcon.colcon_core.package_identification:_identify(.) by extension 'colcon_meta'
[0.110s] Level 1:colcon.colcon_core.package_identification:_identify(.) by extensions ['ros']
[0.110s] Level 1:colcon.colcon_core.package_identification:_identify(.) by extension 'ros'
[0.118s] Level 1:colcon.colcon_core.package_identification:_identify(.) by extensions ['cmake', 'python']
[0.118s] Level 1:colcon.colcon_core.package_identification:_identify(.) by extension 'cmake'
[0.118s] Level 1:colcon.colcon_core.package_identification:_identify(.) by extension 'python'
[0.118s] Level 1:colcon.colcon_core.package_identification:_identify(.) by extensions ['python_setup_py']
[0.118s] Level 1:colcon.colcon_core.package_identification:_identify(.) by extension 'python_setup_py'
[0.118s] Level 1:colcon.colcon_core.package_identification:_identify(build) by extensions ['ignore', 'ignore_ament_install']
[0.118s] Level 1:colcon.colcon_core.package_identification:_identify(build) by extension 'ignore'
[0.118s] Level 1:colcon.colcon_core.package_identification:_identify(build) ignored
[0.118s] Level 1:colcon.colcon_core.package_identification:_identify(install) by extensions ['ignore', 'ignore_ament_install']
[0.118s] Level 1:colcon.colcon_core.package_identification:_identify(install) by extension 'ignore'
[0.118s] Level 1:colcon.colcon_core.package_identification:_identify(install) ignored
[0.118s] Level 1:colcon.colcon_core.package_identification:_identify(log) by extensions ['ignore', 'ignore_ament_install']
[0.118s] Level 1:colcon.colcon_core.package_identification:_identify(log) by extension 'ignore'
[0.118s] Level 1:colcon.colcon_core.package_identification:_identify(log) ignored
[0.118s] Level 1:colcon.colcon_core.package_identification:_identify(src) by extensions ['ignore', 'ignore_ament_install']
[0.119s] Level 1:colcon.colcon_core.package_identification:_identify(src) by extension 'ignore'
[0.119s] Level 1:colcon.colcon_core.package_identification:_identify(src) by extension 'ignore_ament_install'
[0.119s] Level 1:colcon.colcon_core.package_identification:_identify(src) by extensions ['colcon_pkg']
[0.119s] Level 1:colcon.colcon_core.package_identification:_identify(src) by extension 'colcon_pkg'
[0.119s] Level 1:colcon.colcon_core.package_identification:_identify(src) by extensions ['colcon_meta']
[0.119s] Level 1:colcon.colcon_core.package_identification:_identify(src) by extension 'colcon_meta'
[0.119s] Level 1:colcon.colcon_core.package_identification:_identify(src) by extensions ['ros']
[0.119s] Level 1:colcon.colcon_core.package_identification:_identify(src) by extension 'ros'
[0.119s] Level 1:colcon.colcon_core.package_identification:_identify(src) by extensions ['cmake', 'python']
[0.119s] Level 1:colcon.colcon_core.package_identification:_identify(src) by extension 'cmake'
[0.119s] Level 1:colcon.colcon_core.package_identification:_identify(src) by extension 'python'
[0.119s] Level 1:colcon.colcon_core.package_identification:_identify(src) by extensions ['python_setup_py']
[0.119s] Level 1:colcon.colcon_core.package_identification:_identify(src) by extension 'python_setup_py'
[0.119s] Level 1:colcon.colcon_core.package_identification:_identify(src/diaros_package) by extensions ['ignore', 'ignore_ament_install']
[0.119s] Level 1:colcon.colcon_core.package_identification:_identify(src/diaros_package) by extension 'ignore'
[0.119s] Level 1:colcon.colcon_core.package_identification:_identify(src/diaros_package) by extension 'ignore_ament_install'
[0.119s] Level 1:colcon.colcon_core.package_identification:_identify(src/diaros_package) by extensions ['colcon_pkg']
[0.119s] Level 1:colcon.colcon_core.package_identification:_identify(src/diaros_package) by extension 'colcon_pkg'
[0.119s] Level 1:colcon.colcon_core.package_identification:_identify(src/diaros_package) by extensions ['colcon_meta']
[0.119s] Level 1:colcon.colcon_core.package_identification:_identify(src/diaros_package) by extension 'colcon_meta'
[0.119s] Level 1:colcon.colcon_core.package_identification:_identify(src/diaros_package) by extensions ['ros']
[0.119s] Level 1:colcon.colcon_core.package_identification:_identify(src/diaros_package) by extension 'ros'
[0.121s] DEBUG:colcon.colcon_core.package_identification:Package 'src/diaros_package' with type 'ros.ament_python' and name 'diaros_package'
[0.121s] Level 1:colcon.colcon_core.package_identification:_identify(src/interfaces) by extensions ['ignore', 'ignore_ament_install']
[0.121s] Level 1:colcon.colcon_core.package_identification:_identify(src/interfaces) by extension 'ignore'
[0.121s] Level 1:colcon.colcon_core.package_identification:_identify(src/interfaces) by extension 'ignore_ament_install'
[0.121s] Level 1:colcon.colcon_core.package_identification:_identify(src/interfaces) by extensions ['colcon_pkg']
[0.121s] Level 1:colcon.colcon_core.package_identification:_identify(src/interfaces) by extension 'colcon_pkg'
[0.121s] Level 1:colcon.colcon_core.package_identification:_identify(src/interfaces) by extensions ['colcon_meta']
[0.121s] Level 1:colcon.colcon_core.package_identification:_identify(src/interfaces) by extension 'colcon_meta'
[0.121s] Level 1:colcon.colcon_core.package_identification:_identify(src/interfaces) by extensions ['ros']
[0.121s] Level 1:colcon.colcon_core.package_identification:_identify(src/interfaces) by extension 'ros'
[0.121s] DEBUG:colcon.colcon_core.package_identification:Package 'src/interfaces' with type 'ros.ament_cmake' and name 'interfaces'
[0.122s] Level 1:colcon.colcon_core.package_discovery:discover_packages(recursive) using defaults
[0.122s] Level 1:colcon.colcon_core.package_discovery:discover_packages(ignore) discover
[0.122s] Level 1:colcon.colcon_core.package_discovery:discover_packages(ignore) using defaults
[0.122s] Level 1:colcon.colcon_core.package_discovery:discover_packages(path) discover
[0.122s] Level 1:colcon.colcon_core.package_discovery:discover_packages(path) using defaults
[0.141s] INFO:colcon.colcon_core.package_selection:Skipping not selected package 'diaros_package' in 'src/diaros_package'
[0.141s] Level 1:colcon.colcon_core.package_discovery:discover_packages(prefix_path) check parameters
[0.141s] Level 1:colcon.colcon_core.package_discovery:discover_packages(prefix_path) discover
[0.142s] WARNING:colcon.colcon_ros.prefix_path.ament:The path '/home/nishimura/program/moriSDS/DiaROS_ros/install/interfaces' in the environment variable AMENT_PREFIX_PATH doesn't exist
[0.142s] WARNING:colcon.colcon_ros.prefix_path.catkin:The path '/home/nishimura/program/moriSDS/DiaROS_ros/install/interfaces' in the environment variable CMAKE_PREFIX_PATH doesn't exist
[0.143s] DEBUG:colcon.colcon_installed_package_information.package_discovery:Found 0 installed packages in /home/nishimura/program/moriSDS/DiaROS_ros/install
[0.147s] DEBUG:colcon.colcon_installed_package_information.package_discovery:Found 311 installed packages in /home/nishimura/ros2_foxy/ros2-linux
[0.148s] Level 1:colcon.colcon_core.package_discovery:discover_packages(prefix_path) using defaults
[0.162s] Level 5:colcon.colcon_core.verb:set package 'interfaces' build argument 'cmake_args' from command line to '['-DCMAKE_C_FLAGS=-fPIC']'
[0.162s] Level 5:colcon.colcon_core.verb:set package 'interfaces' build argument 'cmake_target' from command line to 'None'
[0.162s] Level 5:colcon.colcon_core.verb:set package 'interfaces' build argument 'cmake_target_skip_unavailable' from command line to 'False'
[0.162s] Level 5:colcon.colcon_core.verb:set package 'interfaces' build argument 'cmake_clean_cache' from command line to 'False'
[0.162s] Level 5:colcon.colcon_core.verb:set package 'interfaces' build argument 'cmake_clean_first' from command line to 'False'
[0.162s] Level 5:colcon.colcon_core.verb:set package 'interfaces' build argument 'cmake_force_configure' from command line to 'False'
[0.162s] Level 5:colcon.colcon_core.verb:set package 'interfaces' build argument 'ament_cmake_args' from command line to 'None'
[0.162s] Level 5:colcon.colcon_core.verb:set package 'interfaces' build argument 'catkin_cmake_args' from command line to 'None'
[0.162s] Level 5:colcon.colcon_core.verb:set package 'interfaces' build argument 'catkin_skip_building_tests' from command line to 'False'
[0.162s] DEBUG:colcon.colcon_core.verb:Building package 'interfaces' with the following arguments: {'ament_cmake_args': None, 'build_base': '/home/nishimura/program/moriSDS/DiaROS_ros/build/interfaces', 'catkin_cmake_args': None, 'catkin_skip_building_tests': False, 'cmake_args': ['-DCMAKE_C_FLAGS=-fPIC'], 'cmake_clean_cache': False, 'cmake_clean_first': False, 'cmake_force_configure': False, 'cmake_target': None, 'cmake_target_skip_unavailable': False, 'install_base': '/home/nishimura/program/moriSDS/DiaROS_ros/install/interfaces', 'merge_install': False, 'path': '/home/nishimura/program/moriSDS/DiaROS_ros/src/interfaces', 'symlink_install': False, 'test_result_base': None}
[0.163s] INFO:colcon.colcon_core.executor:Executing jobs using 'parallel' executor
[0.166s] DEBUG:colcon.colcon_parallel_executor.executor.parallel:run_until_complete
[0.166s] INFO:colcon.colcon_ros.task.ament_cmake.build:Building ROS package in '/home/nishimura/program/moriSDS/DiaROS_ros/src/interfaces' with build type 'ament_cmake'
[0.166s] INFO:colcon.colcon_cmake.task.cmake.build:Building CMake package in '/home/nishimura/program/moriSDS/DiaROS_ros/src/interfaces'
[0.169s] INFO:colcon.colcon_core.plugin_system:Skipping extension 'colcon_core.shell.bat': Not used on non-Windows systems
[0.169s] INFO:colcon.colcon_core.shell:Skip shell extension 'powershell' for command environment: Not usable outside of PowerShell
[0.169s] DEBUG:colcon.colcon_core.shell:Skip shell extension 'dsv' for command environment
[0.183s] DEBUG:colcon.colcon_core.event_handler.log_command:Invoking command in '/home/nishimura/program/moriSDS/DiaROS_ros/build/interfaces': /usr/bin/cmake /home/nishimura/program/moriSDS/DiaROS_ros/src/interfaces -DCMAKE_C_FLAGS=-fPIC -DCMAKE_INSTALL_PREFIX=/home/nishimura/program/moriSDS/DiaROS_ros/install/interfaces
[1.780s] DEBUG:colcon.colcon_core.event_handler.log_command:Invoked command in '/home/nishimura/program/moriSDS/DiaROS_ros/build/interfaces' returned '0': /usr/bin/cmake /home/nishimura/program/moriSDS/DiaROS_ros/src/interfaces -DCMAKE_C_FLAGS=-fPIC -DCMAKE_INSTALL_PREFIX=/home/nishimura/program/moriSDS/DiaROS_ros/install/interfaces
[1.783s] DEBUG:colcon.colcon_core.event_handler.log_command:Invoking command in '/home/nishimura/program/moriSDS/DiaROS_ros/build/interfaces': /usr/bin/cmake --build /home/nishimura/program/moriSDS/DiaROS_ros/build/interfaces -- -j48 -l48
[5.230s] DEBUG:colcon.colcon_core.event_handler.log_command:Invoked command in '/home/nishimura/program/moriSDS/DiaROS_ros/build/interfaces' returned '0': /usr/bin/cmake --build /home/nishimura/program/moriSDS/DiaROS_ros/build/interfaces -- -j48 -l48
[5.334s] DEBUG:colcon.colcon_core.event_handler.log_command:Invoking command in '/home/nishimura/program/moriSDS/DiaROS_ros/build/interfaces': /usr/bin/cmake --install /home/nishimura/program/moriSDS/DiaROS_ros/build/interfaces
[5.444s] Level 1:colcon.colcon_core.environment:create_environment_scripts_only(interfaces)
[5.444s] DEBUG:colcon.colcon_core.event_handler.log_command:Invoked command in '/home/nishimura/program/moriSDS/DiaROS_ros/build/interfaces' returned '0': /usr/bin/cmake --install /home/nishimura/program/moriSDS/DiaROS_ros/build/interfaces
[5.450s] Level 1:colcon.colcon_core.environment:checking '/home/nishimura/program/moriSDS/DiaROS_ros/install/interfaces' for CMake module files
[5.451s] Level 1:colcon.colcon_core.environment:checking '/home/nishimura/program/moriSDS/DiaROS_ros/install/interfaces' for CMake config files
[5.451s] Level 1:colcon.colcon_core.shell:create_environment_hook('interfaces', 'cmake_prefix_path')
[5.453s] INFO:colcon.colcon_core.shell:Creating environment hook '/home/nishimura/program/moriSDS/DiaROS_ros/install/interfaces/share/interfaces/hook/cmake_prefix_path.ps1'
[5.454s] INFO:colcon.colcon_core.shell:Creating environment descriptor '/home/nishimura/program/moriSDS/DiaROS_ros/install/interfaces/share/interfaces/hook/cmake_prefix_path.dsv'
[5.454s] INFO:colcon.colcon_core.shell:Creating environment hook '/home/nishimura/program/moriSDS/DiaROS_ros/install/interfaces/share/interfaces/hook/cmake_prefix_path.sh'
[5.455s] Level 1:colcon.colcon_core.environment:checking '/home/nishimura/program/moriSDS/DiaROS_ros/install/interfaces/lib'
[5.455s] Level 1:colcon.colcon_core.shell:create_environment_hook('interfaces', 'ld_library_path_lib')
[5.455s] INFO:colcon.colcon_core.shell:Creating environment hook '/home/nishimura/program/moriSDS/DiaROS_ros/install/interfaces/share/interfaces/hook/ld_library_path_lib.ps1'
[5.456s] INFO:colcon.colcon_core.shell:Creating environment descriptor '/home/nishimura/program/moriSDS/DiaROS_ros/install/interfaces/share/interfaces/hook/ld_library_path_lib.dsv'
[5.456s] INFO:colcon.colcon_core.shell:Creating environment hook '/home/nishimura/program/moriSDS/DiaROS_ros/install/interfaces/share/interfaces/hook/ld_library_path_lib.sh'
[5.456s] Level 1:colcon.colcon_core.environment:checking '/home/nishimura/program/moriSDS/DiaROS_ros/install/interfaces/bin'
[5.456s] Level 1:colcon.colcon_core.environment:checking '/home/nishimura/program/moriSDS/DiaROS_ros/install/interfaces/lib/pkgconfig/interfaces.pc'
[5.457s] Level 1:colcon.colcon_core.environment:checking '/home/nishimura/program/moriSDS/DiaROS_ros/install/interfaces/lib/python3.8/site-packages'
[5.457s] Level 1:colcon.colcon_core.shell:create_environment_hook('interfaces', 'pythonpath')
[5.457s] INFO:colcon.colcon_core.shell:Creating environment hook '/home/nishimura/program/moriSDS/DiaROS_ros/install/interfaces/share/interfaces/hook/pythonpath.ps1'
[5.458s] INFO:colcon.colcon_core.shell:Creating environment descriptor '/home/nishimura/program/moriSDS/DiaROS_ros/install/interfaces/share/interfaces/hook/pythonpath.dsv'
[5.458s] INFO:colcon.colcon_core.shell:Creating environment hook '/home/nishimura/program/moriSDS/DiaROS_ros/install/interfaces/share/interfaces/hook/pythonpath.sh'
[5.458s] Level 1:colcon.colcon_core.environment:checking '/home/nishimura/program/moriSDS/DiaROS_ros/install/interfaces/bin'
[5.459s] INFO:colcon.colcon_core.shell:Creating package script '/home/nishimura/program/moriSDS/DiaROS_ros/install/interfaces/share/interfaces/package.ps1'
[5.460s] INFO:colcon.colcon_core.shell:Creating package descriptor '/home/nishimura/program/moriSDS/DiaROS_ros/install/interfaces/share/interfaces/package.dsv'
[5.460s] INFO:colcon.colcon_core.shell:Creating package script '/home/nishimura/program/moriSDS/DiaROS_ros/install/interfaces/share/interfaces/package.sh'
[5.460s] INFO:colcon.colcon_core.shell:Creating package script '/home/nishimura/program/moriSDS/DiaROS_ros/install/interfaces/share/interfaces/package.bash'
[5.461s] INFO:colcon.colcon_core.shell:Creating package script '/home/nishimura/program/moriSDS/DiaROS_ros/install/interfaces/share/interfaces/package.zsh'
[5.461s] Level 1:colcon.colcon_core.environment:create_file_with_runtime_dependencies(/home/nishimura/program/moriSDS/DiaROS_ros/install/interfaces/share/colcon-core/packages/interfaces)
[5.547s] Level 1:colcon.colcon_core.environment:create_environment_scripts_only(interfaces)
[5.549s] Level 1:colcon.colcon_core.environment:checking '/home/nishimura/program/moriSDS/DiaROS_ros/install/interfaces' for CMake module files
[5.550s] Level 1:colcon.colcon_core.environment:checking '/home/nishimura/program/moriSDS/DiaROS_ros/install/interfaces' for CMake config files
[5.550s] Level 1:colcon.colcon_core.shell:create_environment_hook('interfaces', 'cmake_prefix_path')
[5.551s] INFO:colcon.colcon_core.shell:Creating environment hook '/home/nishimura/program/moriSDS/DiaROS_ros/install/interfaces/share/interfaces/hook/cmake_prefix_path.ps1'
[5.552s] INFO:colcon.colcon_core.shell:Creating environment descriptor '/home/nishimura/program/moriSDS/DiaROS_ros/install/interfaces/share/interfaces/hook/cmake_prefix_path.dsv'
[5.552s] INFO:colcon.colcon_core.shell:Creating environment hook '/home/nishimura/program/moriSDS/DiaROS_ros/install/interfaces/share/interfaces/hook/cmake_prefix_path.sh'
[5.553s] Level 1:colcon.colcon_core.environment:checking '/home/nishimura/program/moriSDS/DiaROS_ros/install/interfaces/lib'
[5.553s] Level 1:colcon.colcon_core.shell:create_environment_hook('interfaces', 'ld_library_path_lib')
[5.554s] INFO:colcon.colcon_core.shell:Creating environment hook '/home/nishimura/program/moriSDS/DiaROS_ros/install/interfaces/share/interfaces/hook/ld_library_path_lib.ps1'
[5.554s] INFO:colcon.colcon_core.shell:Creating environment descriptor '/home/nishimura/program/moriSDS/DiaROS_ros/install/interfaces/share/interfaces/hook/ld_library_path_lib.dsv'
[5.554s] INFO:colcon.colcon_core.shell:Creating environment hook '/home/nishimura/program/moriSDS/DiaROS_ros/install/interfaces/share/interfaces/hook/ld_library_path_lib.sh'
[5.555s] Level 1:colcon.colcon_core.environment:checking '/home/nishimura/program/moriSDS/DiaROS_ros/install/interfaces/bin'
[5.555s] Level 1:colcon.colcon_core.environment:checking '/home/nishimura/program/moriSDS/DiaROS_ros/install/interfaces/lib/pkgconfig/interfaces.pc'
[5.555s] Level 1:colcon.colcon_core.environment:checking '/home/nishimura/program/moriSDS/DiaROS_ros/install/interfaces/lib/python3.8/site-packages'
[5.555s] Level 1:colcon.colcon_core.shell:create_environment_hook('interfaces', 'pythonpath')
[5.556s] INFO:colcon.colcon_core.shell:Creating environment hook '/home/nishimura/program/moriSDS/DiaROS_ros/install/interfaces/share/interfaces/hook/pythonpath.ps1'
[5.557s] INFO:colcon.colcon_core.shell:Creating environment descriptor '/home/nishimura/program/moriSDS/DiaROS_ros/install/interfaces/share/interfaces/hook/pythonpath.dsv'
[5.557s] INFO:colcon.colcon_core.shell:Creating environment hook '/home/nishimura/program/moriSDS/DiaROS_ros/install/interfaces/share/interfaces/hook/pythonpath.sh'
[5.557s] Level 1:colcon.colcon_core.environment:checking '/home/nishimura/program/moriSDS/DiaROS_ros/install/interfaces/bin'
[5.559s] INFO:colcon.colcon_core.shell:Creating package script '/home/nishimura/program/moriSDS/DiaROS_ros/install/interfaces/share/interfaces/package.ps1'
[5.559s] INFO:colcon.colcon_core.shell:Creating package descriptor '/home/nishimura/program/moriSDS/DiaROS_ros/install/interfaces/share/interfaces/package.dsv'
[5.560s] INFO:colcon.colcon_core.shell:Creating package script '/home/nishimura/program/moriSDS/DiaROS_ros/install/interfaces/share/interfaces/package.sh'
[5.560s] INFO:colcon.colcon_core.shell:Creating package script '/home/nishimura/program/moriSDS/DiaROS_ros/install/interfaces/share/interfaces/package.bash'
[5.561s] INFO:colcon.colcon_core.shell:Creating package script '/home/nishimura/program/moriSDS/DiaROS_ros/install/interfaces/share/interfaces/package.zsh'
[5.561s] Level 1:colcon.colcon_core.environment:create_file_with_runtime_dependencies(/home/nishimura/program/moriSDS/DiaROS_ros/install/interfaces/share/colcon-core/packages/interfaces)
[5.561s] DEBUG:colcon.colcon_parallel_executor.executor.parallel:closing loop
[5.562s] DEBUG:colcon.colcon_parallel_executor.executor.parallel:loop closed
[5.562s] DEBUG:colcon.colcon_parallel_executor.executor.parallel:run_until_complete finished with '0'
[5.562s] DEBUG:colcon.colcon_core.event_reactor:joining thread
[5.569s] INFO:colcon.colcon_core.plugin_system:Skipping extension 'colcon_notification.desktop_notification.terminal_notifier': Not used on non-Darwin systems
[5.569s] INFO:colcon.colcon_core.plugin_system:Skipping extension 'colcon_notification.desktop_notification.win32': Not used on non-Windows systems
[5.569s] INFO:colcon.colcon_notification.desktop_notification:Sending desktop notification using 'notify2'
[5.584s] DEBUG:colcon.colcon_core.event_reactor:joined thread
[5.586s] INFO:colcon.colcon_core.shell:Creating prefix script '/home/nishimura/program/moriSDS/DiaROS_ros/install/local_setup.ps1'
[5.587s] INFO:colcon.colcon_core.shell:Creating prefix util module '/home/nishimura/program/moriSDS/DiaROS_ros/install/_local_setup_util_ps1.py'
[5.589s] INFO:colcon.colcon_core.shell:Creating prefix chain script '/home/nishimura/program/moriSDS/DiaROS_ros/install/setup.ps1'
[5.590s] INFO:colcon.colcon_core.shell:Creating prefix script '/home/nishimura/program/moriSDS/DiaROS_ros/install/local_setup.sh'
[5.591s] INFO:colcon.colcon_core.shell:Creating prefix util module '/home/nishimura/program/moriSDS/DiaROS_ros/install/_local_setup_util_sh.py'
[5.591s] INFO:colcon.colcon_core.shell:Creating prefix chain script '/home/nishimura/program/moriSDS/DiaROS_ros/install/setup.sh'
[5.593s] INFO:colcon.colcon_core.shell:Creating prefix script '/home/nishimura/program/moriSDS/DiaROS_ros/install/local_setup.bash'
[5.593s] INFO:colcon.colcon_core.shell:Creating prefix chain script '/home/nishimura/program/moriSDS/DiaROS_ros/install/setup.bash'
[5.594s] INFO:colcon.colcon_core.shell:Creating prefix script '/home/nishimura/program/moriSDS/DiaROS_ros/install/local_setup.zsh'
[5.594s] INFO:colcon.colcon_core.shell:Creating prefix chain script '/home/nishimura/program/moriSDS/DiaROS_ros/install/setup.zsh'
