-- The C compiler identification is GNU 9.4.0
-- The CXX compiler identification is GNU 9.4.0
-- Check for working C compiler: /usr/bin/cc
-- Check for working C compiler: /usr/bin/cc -- works
-- Detecting C compiler ABI info
-- Detecting C compiler ABI info - done
-- Detecting C compile features
-- Detecting C compile features - done
-- Check for working CXX compiler: /usr/bin/c++
-- Check for working CXX compiler: /usr/bin/c++ -- works
-- Detecting CXX compiler ABI info
-- Detecting CXX compiler ABI info - done
-- Detecting CXX compile features
-- Detecting CXX compile features - done
-- Found ament_cmake: 0.9.9 (/home/nishimura/ros2_foxy/ros2-linux/share/ament_cmake/cmake)
-- Found PythonInterp: /home/nishimura/.pyenv/shims/python3 (found suitable version "3.8.13", minimum required is "3") 
-- Using PYTHON_EXECUTABLE: /home/nishimura/.pyenv/shims/python3
-- Found rosidl_default_generators: 1.0.1 (/home/nishimura/ros2_foxy/ros2-linux/share/rosidl_default_generators/cmake)
-- Using all available rosidl_typesupport_c: rosidl_typesupport_connext_c;rosidl_typesupport_fastrtps_c;rosidl_typesupport_introspection_c
-- Found rosidl_adapter: 1.2.1 (/home/nishimura/ros2_foxy/ros2-linux/share/rosidl_adapter/cmake)
-- Could not find RTI Connext - skipping rosidl_typesupport_connext_c
-- Could not find RTI Connext - skipping rosidl_typesupport_connext_cpp
-- Found OpenSSL: /usr/lib/x86_64-linux-gnu/libcrypto.so (found version "1.1.1f")  
-- Found FastRTPS: /home/nishimura/ros2_foxy/ros2-linux/include  
-- Using all available rosidl_typesupport_cpp: rosidl_typesupport_connext_cpp;rosidl_typesupport_fastrtps_cpp;rosidl_typesupport_introspection_cpp
-- Found PythonInterp: /home/nishimura/.pyenv/shims/python3 (found version "3.8.13") 
-- Found ament_cmake_ros: 0.9.2 (/home/nishimura/ros2_foxy/ros2-linux/share/ament_cmake_ros/cmake)
-- Using all available rosidl_typesupport_c: rosidl_typesupport_connext_c;rosidl_typesupport_fastrtps_c;rosidl_typesupport_introspection_c
-- Using all available rosidl_typesupport_cpp: rosidl_typesupport_connext_cpp;rosidl_typesupport_fastrtps_cpp;rosidl_typesupport_introspection_cpp
-- Found PythonInterp: /home/nishimura/.pyenv/shims/python3 (found suitable version "3.8.13", minimum required is "3.5") 
-- Found python_cmake_module: 0.8.1 (/home/nishimura/ros2_foxy/ros2-linux/share/python_cmake_module/cmake)
-- Found PythonLibs: /usr/lib/x86_64-linux-gnu/libpython3.8.so (found suitable version "3.8.10", minimum required is "3.5") 
-- Using PYTHON_EXECUTABLE: /home/nishimura/.pyenv/shims/python3
-- Using PYTHON_INCLUDE_DIRS: /usr/include/python3.8
-- Using PYTHON_LIBRARIES: /usr/lib/x86_64-linux-gnu/libpython3.8.so
-- Found PythonExtra: .so  
-- Found ament_lint_auto: 0.9.6 (/home/nishimura/ros2_foxy/ros2-linux/share/ament_lint_auto/cmake)
-- Added test 'copyright' to check source files copyright and LICENSE
-- Added test 'lint_cmake' to check CMake code style
-- Added test 'xmllint' to check XML markup files
-- Configuring done
-- Generating done
-- Build files have been written to: /home/nishimura/program/moriSDS/DiaROS_ros/build/interfaces
[35m[1mScanning dependencies of target interfaces__cpp[0m
[  1%] [34m[1mGenerating C code for ROS interfaces[0m
[  2%] [34m[1mGenerating C++ code for ROS interfaces[0m
[  2%] Built target interfaces__cpp
[  3%] [34m[1mGenerating C++ introspection for ROS interfaces[0m
[  6%] [34m[1mGenerating C++ type support for eProsima Fast-RTPS[0m
[  6%] [34m[1mGenerating C++ type support dispatch for ROS interfaces[0m
[35m[1mScanning dependencies of target interfaces__rosidl_generator_c[0m
[  7%] [32mBuilding C object CMakeFiles/interfaces__rosidl_generator_c.dir/rosidl_generator_c/interfaces/msg/detail/iasr__functions.c.o[0m
[  8%] [32mBuilding C object CMakeFiles/interfaces__rosidl_generator_c.dir/rosidl_generator_c/interfaces/msg/detail/irc__functions.c.o[0m
[ 10%] [32mBuilding C object CMakeFiles/interfaces__rosidl_generator_c.dir/rosidl_generator_c/interfaces/msg/detail/list__functions.c.o[0m
[ 11%] [32mBuilding C object CMakeFiles/interfaces__rosidl_generator_c.dir/rosidl_generator_c/interfaces/msg/detail/iss__functions.c.o[0m
[ 12%] [32mBuilding C object CMakeFiles/interfaces__rosidl_generator_c.dir/rosidl_generator_c/interfaces/msg/detail/inlg__functions.c.o[0m
[ 13%] [32mBuilding C object CMakeFiles/interfaces__rosidl_generator_c.dir/rosidl_generator_c/interfaces/msg/detail/imm__functions.c.o[0m
[ 15%] [32mBuilding C object CMakeFiles/interfaces__rosidl_generator_c.dir/rosidl_generator_c/interfaces/msg/detail/isa__functions.c.o[0m
[ 16%] [32m[1mLinking C shared library libinterfaces__rosidl_generator_c.so[0m
[ 16%] Built target interfaces__rosidl_generator_c
[ 17%] [34m[1mGenerating C type support dispatch for ROS interfaces[0m
[ 18%] [34m[1mGenerating C introspection for ROS interfaces[0m
[35m[1mScanning dependencies of target interfaces__rosidl_typesupport_cpp[0m
[ 20%] [32mBuilding CXX object CMakeFiles/interfaces__rosidl_typesupport_cpp.dir/rosidl_typesupport_cpp/interfaces/msg/iasr__type_support.cpp.o[0m
[ 21%] [32mBuilding CXX object CMakeFiles/interfaces__rosidl_typesupport_cpp.dir/rosidl_typesupport_cpp/interfaces/msg/imm__type_support.cpp.o[0m
[ 22%] [32mBuilding CXX object CMakeFiles/interfaces__rosidl_typesupport_cpp.dir/rosidl_typesupport_cpp/interfaces/msg/isa__type_support.cpp.o[0m
[ 24%] [32mBuilding CXX object CMakeFiles/interfaces__rosidl_typesupport_cpp.dir/rosidl_typesupport_cpp/interfaces/msg/list__type_support.cpp.o[0m
[ 25%] [32mBuilding CXX object CMakeFiles/interfaces__rosidl_typesupport_cpp.dir/rosidl_typesupport_cpp/interfaces/msg/irc__type_support.cpp.o[0m
[ 26%] [32mBuilding CXX object CMakeFiles/interfaces__rosidl_typesupport_cpp.dir/rosidl_typesupport_cpp/interfaces/msg/iss__type_support.cpp.o[0m
[ 27%] [32mBuilding CXX object CMakeFiles/interfaces__rosidl_typesupport_cpp.dir/rosidl_typesupport_cpp/interfaces/msg/inlg__type_support.cpp.o[0m
[35m[1mScanning dependencies of target interfaces__rosidl_typesupport_introspection_cpp[0m
[ 29%] [32mBuilding CXX object CMakeFiles/interfaces__rosidl_typesupport_introspection_cpp.dir/rosidl_typesupport_introspection_cpp/interfaces/msg/detail/iasr__type_support.cpp.o[0m
[ 30%] [32mBuilding CXX object CMakeFiles/interfaces__rosidl_typesupport_introspection_cpp.dir/rosidl_typesupport_introspection_cpp/interfaces/msg/detail/iss__type_support.cpp.o[0m
[ 31%] [32mBuilding CXX object CMakeFiles/interfaces__rosidl_typesupport_introspection_cpp.dir/rosidl_typesupport_introspection_cpp/interfaces/msg/detail/irc__type_support.cpp.o[0m
[ 32%] [32mBuilding CXX object CMakeFiles/interfaces__rosidl_typesupport_introspection_cpp.dir/rosidl_typesupport_introspection_cpp/interfaces/msg/detail/inlg__type_support.cpp.o[0m
[ 34%] [32mBuilding CXX object CMakeFiles/interfaces__rosidl_typesupport_introspection_cpp.dir/rosidl_typesupport_introspection_cpp/interfaces/msg/detail/imm__type_support.cpp.o[0m
[ 35%] [32mBuilding CXX object CMakeFiles/interfaces__rosidl_typesupport_introspection_cpp.dir/rosidl_typesupport_introspection_cpp/interfaces/msg/detail/list__type_support.cpp.o[0m
[ 36%] [32mBuilding CXX object CMakeFiles/interfaces__rosidl_typesupport_introspection_cpp.dir/rosidl_typesupport_introspection_cpp/interfaces/msg/detail/isa__type_support.cpp.o[0m
[35m[1mScanning dependencies of target interfaces__rosidl_typesupport_c[0m
[35m[1mScanning dependencies of target interfaces__rosidl_typesupport_fastrtps_cpp[0m
[ 37%] [32mBuilding CXX object CMakeFiles/interfaces__rosidl_typesupport_c.dir/rosidl_typesupport_c/interfaces/msg/iasr__type_support.cpp.o[0m
[ 39%] [32mBuilding CXX object CMakeFiles/interfaces__rosidl_typesupport_c.dir/rosidl_typesupport_c/interfaces/msg/isa__type_support.cpp.o[0m
[ 40%] [32mBuilding CXX object CMakeFiles/interfaces__rosidl_typesupport_c.dir/rosidl_typesupport_c/interfaces/msg/list__type_support.cpp.o[0m
[ 41%] [32mBuilding CXX object CMakeFiles/interfaces__rosidl_typesupport_c.dir/rosidl_typesupport_c/interfaces/msg/iss__type_support.cpp.o[0m
[ 44%] [32mBuilding CXX object CMakeFiles/interfaces__rosidl_typesupport_c.dir/rosidl_typesupport_c/interfaces/msg/imm__type_support.cpp.o[0m
[ 44%] [32mBuilding CXX object CMakeFiles/interfaces__rosidl_typesupport_c.dir/rosidl_typesupport_c/interfaces/msg/inlg__type_support.cpp.o[0m
[ 45%] [32mBuilding CXX object CMakeFiles/interfaces__rosidl_typesupport_c.dir/rosidl_typesupport_c/interfaces/msg/irc__type_support.cpp.o[0m
[ 46%] [32mBuilding CXX object CMakeFiles/interfaces__rosidl_typesupport_fastrtps_cpp.dir/rosidl_typesupport_fastrtps_cpp/interfaces/msg/detail/dds_fastrtps/irc__type_support.cpp.o[0m
[ 49%] [32mBuilding CXX object CMakeFiles/interfaces__rosidl_typesupport_fastrtps_cpp.dir/rosidl_typesupport_fastrtps_cpp/interfaces/msg/detail/dds_fastrtps/iss__type_support.cpp.o[0m
[ 49%] [32mBuilding CXX object CMakeFiles/interfaces__rosidl_typesupport_fastrtps_cpp.dir/rosidl_typesupport_fastrtps_cpp/interfaces/msg/detail/dds_fastrtps/list__type_support.cpp.o[0m
[ 50%] [32mBuilding CXX object CMakeFiles/interfaces__rosidl_typesupport_fastrtps_cpp.dir/rosidl_typesupport_fastrtps_cpp/interfaces/msg/detail/dds_fastrtps/imm__type_support.cpp.o[0m
[ 51%] [32mBuilding CXX object CMakeFiles/interfaces__rosidl_typesupport_fastrtps_cpp.dir/rosidl_typesupport_fastrtps_cpp/interfaces/msg/detail/dds_fastrtps/inlg__type_support.cpp.o[0m
[ 53%] [32mBuilding CXX object CMakeFiles/interfaces__rosidl_typesupport_fastrtps_cpp.dir/rosidl_typesupport_fastrtps_cpp/interfaces/msg/detail/dds_fastrtps/isa__type_support.cpp.o[0m
[ 54%] [32mBuilding CXX object CMakeFiles/interfaces__rosidl_typesupport_fastrtps_cpp.dir/rosidl_typesupport_fastrtps_cpp/interfaces/msg/detail/dds_fastrtps/iasr__type_support.cpp.o[0m
[ 55%] [32m[1mLinking CXX shared library libinterfaces__rosidl_typesupport_c.so[0m
[35m[1mScanning dependencies of target interfaces__rosidl_typesupport_introspection_c[0m
[ 55%] Built target interfaces__rosidl_typesupport_c
[ 58%] [32mBuilding C object CMakeFiles/interfaces__rosidl_typesupport_introspection_c.dir/rosidl_typesupport_introspection_c/interfaces/msg/detail/iasr__type_support.c.o[0m
[ 58%] [32mBuilding C object CMakeFiles/interfaces__rosidl_typesupport_introspection_c.dir/rosidl_typesupport_introspection_c/interfaces/msg/detail/imm__type_support.c.o[0m
[ 59%] [32mBuilding C object CMakeFiles/interfaces__rosidl_typesupport_introspection_c.dir/rosidl_typesupport_introspection_c/interfaces/msg/detail/list__type_support.c.o[0m
[ 60%] [32mBuilding C object CMakeFiles/interfaces__rosidl_typesupport_introspection_c.dir/rosidl_typesupport_introspection_c/interfaces/msg/detail/iss__type_support.c.o[0m
[ 63%] [32mBuilding C object CMakeFiles/interfaces__rosidl_typesupport_introspection_c.dir/rosidl_typesupport_introspection_c/interfaces/msg/detail/irc__type_support.c.o[0m
[ 63%] [32mBuilding C object CMakeFiles/interfaces__rosidl_typesupport_introspection_c.dir/rosidl_typesupport_introspection_c/interfaces/msg/detail/isa__type_support.c.o[0m
[ 64%] [32mBuilding C object CMakeFiles/interfaces__rosidl_typesupport_introspection_c.dir/rosidl_typesupport_introspection_c/interfaces/msg/detail/inlg__type_support.c.o[0m
[ 65%] [32m[1mLinking C shared library libinterfaces__rosidl_typesupport_introspection_c.so[0m
[ 67%] [32m[1mLinking CXX shared library libinterfaces__rosidl_typesupport_cpp.so[0m
[ 67%] Built target interfaces__rosidl_typesupport_introspection_c
[ 67%] Built target interfaces__rosidl_typesupport_cpp
[ 68%] [32m[1mLinking CXX shared library libinterfaces__rosidl_typesupport_introspection_cpp.so[0m
[ 68%] Built target interfaces__rosidl_typesupport_introspection_cpp
[ 69%] [32m[1mLinking CXX shared library libinterfaces__rosidl_typesupport_fastrtps_cpp.so[0m
[ 69%] Built target interfaces__rosidl_typesupport_fastrtps_cpp
[ 70%] [34m[1mGenerating C type support for eProsima Fast-RTPS[0m
[35m[1mScanning dependencies of target interfaces__rosidl_typesupport_fastrtps_c[0m
[ 72%] [32mBuilding CXX object CMakeFiles/interfaces__rosidl_typesupport_fastrtps_c.dir/rosidl_typesupport_fastrtps_c/interfaces/msg/detail/isa__type_support_c.cpp.o[0m
[ 73%] [32mBuilding CXX object CMakeFiles/interfaces__rosidl_typesupport_fastrtps_c.dir/rosidl_typesupport_fastrtps_c/interfaces/msg/detail/list__type_support_c.cpp.o[0m
[ 74%] [32mBuilding CXX object CMakeFiles/interfaces__rosidl_typesupport_fastrtps_c.dir/rosidl_typesupport_fastrtps_c/interfaces/msg/detail/iasr__type_support_c.cpp.o[0m
[ 75%] [32mBuilding CXX object CMakeFiles/interfaces__rosidl_typesupport_fastrtps_c.dir/rosidl_typesupport_fastrtps_c/interfaces/msg/detail/imm__type_support_c.cpp.o[0m
[ 77%] [32mBuilding CXX object CMakeFiles/interfaces__rosidl_typesupport_fastrtps_c.dir/rosidl_typesupport_fastrtps_c/interfaces/msg/detail/irc__type_support_c.cpp.o[0m
[ 78%] [32mBuilding CXX object CMakeFiles/interfaces__rosidl_typesupport_fastrtps_c.dir/rosidl_typesupport_fastrtps_c/interfaces/msg/detail/iss__type_support_c.cpp.o[0m
[ 79%] [32mBuilding CXX object CMakeFiles/interfaces__rosidl_typesupport_fastrtps_c.dir/rosidl_typesupport_fastrtps_c/interfaces/msg/detail/inlg__type_support_c.cpp.o[0m
[ 81%] [32m[1mLinking CXX shared library libinterfaces__rosidl_typesupport_fastrtps_c.so[0m
[ 81%] Built target interfaces__rosidl_typesupport_fastrtps_c
[35m[1mScanning dependencies of target interfaces[0m
[ 81%] Built target interfaces
[35m[1mScanning dependencies of target interfaces__py[0m
[ 82%] [34m[1mGenerating Python code for ROS interfaces[0m
[ 82%] Built target interfaces__py
[35m[1mScanning dependencies of target interfaces__python[0m
[ 83%] [32mBuilding C object CMakeFiles/interfaces__python.dir/rosidl_generator_py/interfaces/msg/_isa_s.c.o[0m
[ 84%] [32mBuilding C object CMakeFiles/interfaces__python.dir/rosidl_generator_py/interfaces/msg/_list_s.c.o[0m
[ 86%] [32mBuilding C object CMakeFiles/interfaces__python.dir/rosidl_generator_py/interfaces/msg/_iss_s.c.o[0m
[ 88%] [32mBuilding C object CMakeFiles/interfaces__python.dir/rosidl_generator_py/interfaces/msg/_irc_s.c.o[0m
[ 88%] [32mBuilding C object CMakeFiles/interfaces__python.dir/rosidl_generator_py/interfaces/msg/_iasr_s.c.o[0m
[ 89%] [32mBuilding C object CMakeFiles/interfaces__python.dir/rosidl_generator_py/interfaces/msg/_imm_s.c.o[0m
[ 91%] [32mBuilding C object CMakeFiles/interfaces__python.dir/rosidl_generator_py/interfaces/msg/_inlg_s.c.o[0m
[ 92%] [32m[1mLinking C shared library rosidl_generator_py/interfaces/libinterfaces__python.so[0m
[ 92%] Built target interfaces__python
[35m[1mScanning dependencies of target interfaces__rosidl_typesupport_fastrtps_c__pyext[0m
[35m[1mScanning dependencies of target interfaces__rosidl_typesupport_introspection_c__pyext[0m
[35m[1mScanning dependencies of target interfaces__rosidl_typesupport_c__pyext[0m
[ 93%] [32mBuilding C object CMakeFiles/interfaces__rosidl_typesupport_introspection_c__pyext.dir/rosidl_generator_py/interfaces/_interfaces_s.ep.rosidl_typesupport_introspection_c.c.o[0m
[ 94%] [32mBuilding C object CMakeFiles/interfaces__rosidl_typesupport_c__pyext.dir/rosidl_generator_py/interfaces/_interfaces_s.ep.rosidl_typesupport_c.c.o[0m
[ 96%] [32mBuilding C object CMakeFiles/interfaces__rosidl_typesupport_fastrtps_c__pyext.dir/rosidl_generator_py/interfaces/_interfaces_s.ep.rosidl_typesupport_fastrtps_c.c.o[0m
[ 97%] [32m[1mLinking C shared library rosidl_generator_py/interfaces/interfaces_s__rosidl_typesupport_introspection_c.cpython-38-x86_64-linux-gnu.so[0m
[ 98%] [32m[1mLinking C shared library rosidl_generator_py/interfaces/interfaces_s__rosidl_typesupport_c.cpython-38-x86_64-linux-gnu.so[0m
[100%] [32m[1mLinking CXX shared library rosidl_generator_py/interfaces/interfaces_s__rosidl_typesupport_fastrtps_c.cpython-38-x86_64-linux-gnu.so[0m
[100%] Built target interfaces__rosidl_typesupport_introspection_c__pyext
[100%] Built target interfaces__rosidl_typesupport_c__pyext
[100%] Built target interfaces__rosidl_typesupport_fastrtps_c__pyext
-- Install configuration: ""
-- Installing: /home/nishimura/program/moriSDS/DiaROS_ros/install/interfaces/share/ament_index/resource_index/rosidl_interfaces/interfaces
-- Installing: /home/nishimura/program/moriSDS/DiaROS_ros/install/interfaces/include/interfaces
-- Installing: /home/nishimura/program/moriSDS/DiaROS_ros/install/interfaces/include/interfaces/msg
-- Installing: /home/nishimura/program/moriSDS/DiaROS_ros/install/interfaces/include/interfaces/msg/detail
-- Installing: /home/nishimura/program/moriSDS/DiaROS_ros/install/interfaces/include/interfaces/msg/detail/list__type_support.h
-- Installing: /home/nishimura/program/moriSDS/DiaROS_ros/install/interfaces/include/interfaces/msg/detail/list__functions.c
-- Installing: /home/nishimura/program/moriSDS/DiaROS_ros/install/interfaces/include/interfaces/msg/detail/irc__struct.h
-- Installing: /home/nishimura/program/moriSDS/DiaROS_ros/install/interfaces/include/interfaces/msg/detail/imm__functions.h
-- Installing: /home/nishimura/program/moriSDS/DiaROS_ros/install/interfaces/include/interfaces/msg/detail/iasr__functions.c
-- Installing: /home/nishimura/program/moriSDS/DiaROS_ros/install/interfaces/include/interfaces/msg/detail/imm__functions.c
-- Installing: /home/nishimura/program/moriSDS/DiaROS_ros/install/interfaces/include/interfaces/msg/detail/isa__type_support.h
-- Installing: /home/nishimura/program/moriSDS/DiaROS_ros/install/interfaces/include/interfaces/msg/detail/iss__functions.h
-- Installing: /home/nishimura/program/moriSDS/DiaROS_ros/install/interfaces/include/interfaces/msg/detail/imm__type_support.h
-- Installing: /home/nishimura/program/moriSDS/DiaROS_ros/install/interfaces/include/interfaces/msg/detail/inlg__functions.c
-- Installing: /home/nishimura/program/moriSDS/DiaROS_ros/install/interfaces/include/interfaces/msg/detail/irc__functions.c
-- Installing: /home/nishimura/program/moriSDS/DiaROS_ros/install/interfaces/include/interfaces/msg/detail/inlg__functions.h
-- Installing: /home/nishimura/program/moriSDS/DiaROS_ros/install/interfaces/include/interfaces/msg/detail/iss__struct.h
-- Installing: /home/nishimura/program/moriSDS/DiaROS_ros/install/interfaces/include/interfaces/msg/detail/irc__functions.h
-- Installing: /home/nishimura/program/moriSDS/DiaROS_ros/install/interfaces/include/interfaces/msg/detail/isa__functions.c
-- Installing: /home/nishimura/program/moriSDS/DiaROS_ros/install/interfaces/include/interfaces/msg/detail/imm__struct.h
-- Installing: /home/nishimura/program/moriSDS/DiaROS_ros/install/interfaces/include/interfaces/msg/detail/list__struct.h
-- Installing: /home/nishimura/program/moriSDS/DiaROS_ros/install/interfaces/include/interfaces/msg/detail/list__functions.h
-- Installing: /home/nishimura/program/moriSDS/DiaROS_ros/install/interfaces/include/interfaces/msg/detail/iss__functions.c
-- Installing: /home/nishimura/program/moriSDS/DiaROS_ros/install/interfaces/include/interfaces/msg/detail/iasr__functions.h
-- Installing: /home/nishimura/program/moriSDS/DiaROS_ros/install/interfaces/include/interfaces/msg/detail/iss__type_support.h
-- Installing: /home/nishimura/program/moriSDS/DiaROS_ros/install/interfaces/include/interfaces/msg/detail/iasr__type_support.h
-- Installing: /home/nishimura/program/moriSDS/DiaROS_ros/install/interfaces/include/interfaces/msg/detail/isa__struct.h
-- Installing: /home/nishimura/program/moriSDS/DiaROS_ros/install/interfaces/include/interfaces/msg/detail/irc__type_support.h
-- Installing: /home/nishimura/program/moriSDS/DiaROS_ros/install/interfaces/include/interfaces/msg/detail/inlg__struct.h
-- Installing: /home/nishimura/program/moriSDS/DiaROS_ros/install/interfaces/include/interfaces/msg/detail/iasr__struct.h
-- Installing: /home/nishimura/program/moriSDS/DiaROS_ros/install/interfaces/include/interfaces/msg/detail/isa__functions.h
-- Installing: /home/nishimura/program/moriSDS/DiaROS_ros/install/interfaces/include/interfaces/msg/detail/inlg__type_support.h
-- Installing: /home/nishimura/program/moriSDS/DiaROS_ros/install/interfaces/include/interfaces/msg/isa.h
-- Installing: /home/nishimura/program/moriSDS/DiaROS_ros/install/interfaces/include/interfaces/msg/inlg.h
-- Installing: /home/nishimura/program/moriSDS/DiaROS_ros/install/interfaces/include/interfaces/msg/list.h
-- Installing: /home/nishimura/program/moriSDS/DiaROS_ros/install/interfaces/include/interfaces/msg/rosidl_generator_c__visibility_control.h
-- Installing: /home/nishimura/program/moriSDS/DiaROS_ros/install/interfaces/include/interfaces/msg/imm.h
-- Installing: /home/nishimura/program/moriSDS/DiaROS_ros/install/interfaces/include/interfaces/msg/iasr.h
-- Installing: /home/nishimura/program/moriSDS/DiaROS_ros/install/interfaces/include/interfaces/msg/iss.h
-- Installing: /home/nishimura/program/moriSDS/DiaROS_ros/install/interfaces/include/interfaces/msg/irc.h
-- Installing: /home/nishimura/program/moriSDS/DiaROS_ros/install/interfaces/share/interfaces/environment/library_path.sh
-- Installing: /home/nishimura/program/moriSDS/DiaROS_ros/install/interfaces/share/interfaces/environment/library_path.dsv
-- Installing: /home/nishimura/program/moriSDS/DiaROS_ros/install/interfaces/lib/libinterfaces__rosidl_generator_c.so
-- Set runtime path of "/home/nishimura/program/moriSDS/DiaROS_ros/install/interfaces/lib/libinterfaces__rosidl_generator_c.so" to ""
-- Up-to-date: /home/nishimura/program/moriSDS/DiaROS_ros/install/interfaces/include/interfaces
-- Up-to-date: /home/nishimura/program/moriSDS/DiaROS_ros/install/interfaces/include/interfaces/msg
-- Installing: /home/nishimura/program/moriSDS/DiaROS_ros/install/interfaces/include/interfaces/msg/rosidl_typesupport_fastrtps_c__visibility_control.h
-- Up-to-date: /home/nishimura/program/moriSDS/DiaROS_ros/install/interfaces/include/interfaces/msg/detail
-- Installing: /home/nishimura/program/moriSDS/DiaROS_ros/install/interfaces/include/interfaces/msg/detail/imm__rosidl_typesupport_fastrtps_c.h
-- Installing: /home/nishimura/program/moriSDS/DiaROS_ros/install/interfaces/include/interfaces/msg/detail/list__rosidl_typesupport_fastrtps_c.h
-- Installing: /home/nishimura/program/moriSDS/DiaROS_ros/install/interfaces/include/interfaces/msg/detail/irc__rosidl_typesupport_fastrtps_c.h
-- Installing: /home/nishimura/program/moriSDS/DiaROS_ros/install/interfaces/include/interfaces/msg/detail/isa__rosidl_typesupport_fastrtps_c.h
-- Installing: /home/nishimura/program/moriSDS/DiaROS_ros/install/interfaces/include/interfaces/msg/detail/iss__rosidl_typesupport_fastrtps_c.h
-- Installing: /home/nishimura/program/moriSDS/DiaROS_ros/install/interfaces/include/interfaces/msg/detail/inlg__rosidl_typesupport_fastrtps_c.h
-- Installing: /home/nishimura/program/moriSDS/DiaROS_ros/install/interfaces/include/interfaces/msg/detail/iasr__rosidl_typesupport_fastrtps_c.h
-- Installing: /home/nishimura/program/moriSDS/DiaROS_ros/install/interfaces/lib/libinterfaces__rosidl_typesupport_fastrtps_c.so
-- Set runtime path of "/home/nishimura/program/moriSDS/DiaROS_ros/install/interfaces/lib/libinterfaces__rosidl_typesupport_fastrtps_c.so" to ""
-- Up-to-date: /home/nishimura/program/moriSDS/DiaROS_ros/install/interfaces/include/interfaces
-- Up-to-date: /home/nishimura/program/moriSDS/DiaROS_ros/install/interfaces/include/interfaces/msg
-- Up-to-date: /home/nishimura/program/moriSDS/DiaROS_ros/install/interfaces/include/interfaces/msg/detail
-- Installing: /home/nishimura/program/moriSDS/DiaROS_ros/install/interfaces/include/interfaces/msg/detail/inlg__rosidl_typesupport_fastrtps_cpp.hpp
-- Installing: /home/nishimura/program/moriSDS/DiaROS_ros/install/interfaces/include/interfaces/msg/detail/iss__rosidl_typesupport_fastrtps_cpp.hpp
-- Installing: /home/nishimura/program/moriSDS/DiaROS_ros/install/interfaces/include/interfaces/msg/detail/list__rosidl_typesupport_fastrtps_cpp.hpp
-- Installing: /home/nishimura/program/moriSDS/DiaROS_ros/install/interfaces/include/interfaces/msg/detail/imm__rosidl_typesupport_fastrtps_cpp.hpp
-- Installing: /home/nishimura/program/moriSDS/DiaROS_ros/install/interfaces/include/interfaces/msg/detail/dds_fastrtps
-- Installing: /home/nishimura/program/moriSDS/DiaROS_ros/install/interfaces/include/interfaces/msg/detail/isa__rosidl_typesupport_fastrtps_cpp.hpp
-- Installing: /home/nishimura/program/moriSDS/DiaROS_ros/install/interfaces/include/interfaces/msg/detail/iasr__rosidl_typesupport_fastrtps_cpp.hpp
-- Installing: /home/nishimura/program/moriSDS/DiaROS_ros/install/interfaces/include/interfaces/msg/detail/irc__rosidl_typesupport_fastrtps_cpp.hpp
-- Installing: /home/nishimura/program/moriSDS/DiaROS_ros/install/interfaces/include/interfaces/msg/rosidl_typesupport_fastrtps_cpp__visibility_control.h
-- Installing: /home/nishimura/program/moriSDS/DiaROS_ros/install/interfaces/lib/libinterfaces__rosidl_typesupport_fastrtps_cpp.so
-- Set runtime path of "/home/nishimura/program/moriSDS/DiaROS_ros/install/interfaces/lib/libinterfaces__rosidl_typesupport_fastrtps_cpp.so" to ""
-- Up-to-date: /home/nishimura/program/moriSDS/DiaROS_ros/install/interfaces/include/interfaces
-- Up-to-date: /home/nishimura/program/moriSDS/DiaROS_ros/install/interfaces/include/interfaces/msg
-- Up-to-date: /home/nishimura/program/moriSDS/DiaROS_ros/install/interfaces/include/interfaces/msg/detail
-- Installing: /home/nishimura/program/moriSDS/DiaROS_ros/install/interfaces/include/interfaces/msg/detail/iss__type_support.c
-- Installing: /home/nishimura/program/moriSDS/DiaROS_ros/install/interfaces/include/interfaces/msg/detail/irc__rosidl_typesupport_introspection_c.h
-- Installing: /home/nishimura/program/moriSDS/DiaROS_ros/install/interfaces/include/interfaces/msg/detail/inlg__type_support.c
-- Installing: /home/nishimura/program/moriSDS/DiaROS_ros/install/interfaces/include/interfaces/msg/detail/irc__type_support.c
-- Installing: /home/nishimura/program/moriSDS/DiaROS_ros/install/interfaces/include/interfaces/msg/detail/iasr__rosidl_typesupport_introspection_c.h
-- Installing: /home/nishimura/program/moriSDS/DiaROS_ros/install/interfaces/include/interfaces/msg/detail/imm__rosidl_typesupport_introspection_c.h
-- Installing: /home/nishimura/program/moriSDS/DiaROS_ros/install/interfaces/include/interfaces/msg/detail/isa__rosidl_typesupport_introspection_c.h
-- Installing: /home/nishimura/program/moriSDS/DiaROS_ros/install/interfaces/include/interfaces/msg/detail/imm__type_support.c
-- Installing: /home/nishimura/program/moriSDS/DiaROS_ros/install/interfaces/include/interfaces/msg/detail/list__rosidl_typesupport_introspection_c.h
-- Installing: /home/nishimura/program/moriSDS/DiaROS_ros/install/interfaces/include/interfaces/msg/detail/list__type_support.c
-- Installing: /home/nishimura/program/moriSDS/DiaROS_ros/install/interfaces/include/interfaces/msg/detail/iss__rosidl_typesupport_introspection_c.h
-- Installing: /home/nishimura/program/moriSDS/DiaROS_ros/install/interfaces/include/interfaces/msg/detail/iasr__type_support.c
-- Installing: /home/nishimura/program/moriSDS/DiaROS_ros/install/interfaces/include/interfaces/msg/detail/isa__type_support.c
-- Installing: /home/nishimura/program/moriSDS/DiaROS_ros/install/interfaces/include/interfaces/msg/detail/inlg__rosidl_typesupport_introspection_c.h
-- Installing: /home/nishimura/program/moriSDS/DiaROS_ros/install/interfaces/include/interfaces/msg/rosidl_typesupport_introspection_c__visibility_control.h
-- Installing: /home/nishimura/program/moriSDS/DiaROS_ros/install/interfaces/lib/libinterfaces__rosidl_typesupport_introspection_c.so
-- Set runtime path of "/home/nishimura/program/moriSDS/DiaROS_ros/install/interfaces/lib/libinterfaces__rosidl_typesupport_introspection_c.so" to ""
-- Installing: /home/nishimura/program/moriSDS/DiaROS_ros/install/interfaces/lib/libinterfaces__rosidl_typesupport_c.so
-- Set runtime path of "/home/nishimura/program/moriSDS/DiaROS_ros/install/interfaces/lib/libinterfaces__rosidl_typesupport_c.so" to ""
-- Up-to-date: /home/nishimura/program/moriSDS/DiaROS_ros/install/interfaces/include/interfaces
-- Up-to-date: /home/nishimura/program/moriSDS/DiaROS_ros/install/interfaces/include/interfaces/msg
-- Installing: /home/nishimura/program/moriSDS/DiaROS_ros/install/interfaces/include/interfaces/msg/imm.hpp
-- Installing: /home/nishimura/program/moriSDS/DiaROS_ros/install/interfaces/include/interfaces/msg/iss.hpp
-- Installing: /home/nishimura/program/moriSDS/DiaROS_ros/install/interfaces/include/interfaces/msg/iasr.hpp
-- Up-to-date: /home/nishimura/program/moriSDS/DiaROS_ros/install/interfaces/include/interfaces/msg/detail
-- Installing: /home/nishimura/program/moriSDS/DiaROS_ros/install/interfaces/include/interfaces/msg/detail/inlg__traits.hpp
-- Installing: /home/nishimura/program/moriSDS/DiaROS_ros/install/interfaces/include/interfaces/msg/detail/list__struct.hpp
-- Installing: /home/nishimura/program/moriSDS/DiaROS_ros/install/interfaces/include/interfaces/msg/detail/list__traits.hpp
-- Installing: /home/nishimura/program/moriSDS/DiaROS_ros/install/interfaces/include/interfaces/msg/detail/isa__traits.hpp
-- Installing: /home/nishimura/program/moriSDS/DiaROS_ros/install/interfaces/include/interfaces/msg/detail/irc__struct.hpp
-- Installing: /home/nishimura/program/moriSDS/DiaROS_ros/install/interfaces/include/interfaces/msg/detail/irc__builder.hpp
-- Installing: /home/nishimura/program/moriSDS/DiaROS_ros/install/interfaces/include/interfaces/msg/detail/iasr__struct.hpp
-- Installing: /home/nishimura/program/moriSDS/DiaROS_ros/install/interfaces/include/interfaces/msg/detail/iss__traits.hpp
-- Installing: /home/nishimura/program/moriSDS/DiaROS_ros/install/interfaces/include/interfaces/msg/detail/imm__builder.hpp
-- Installing: /home/nishimura/program/moriSDS/DiaROS_ros/install/interfaces/include/interfaces/msg/detail/imm__struct.hpp
-- Installing: /home/nishimura/program/moriSDS/DiaROS_ros/install/interfaces/include/interfaces/msg/detail/isa__struct.hpp
-- Installing: /home/nishimura/program/moriSDS/DiaROS_ros/install/interfaces/include/interfaces/msg/detail/iasr__builder.hpp
-- Installing: /home/nishimura/program/moriSDS/DiaROS_ros/install/interfaces/include/interfaces/msg/detail/iss__builder.hpp
-- Installing: /home/nishimura/program/moriSDS/DiaROS_ros/install/interfaces/include/interfaces/msg/detail/iss__struct.hpp
-- Installing: /home/nishimura/program/moriSDS/DiaROS_ros/install/interfaces/include/interfaces/msg/detail/inlg__builder.hpp
-- Installing: /home/nishimura/program/moriSDS/DiaROS_ros/install/interfaces/include/interfaces/msg/detail/list__builder.hpp
-- Installing: /home/nishimura/program/moriSDS/DiaROS_ros/install/interfaces/include/interfaces/msg/detail/irc__traits.hpp
-- Installing: /home/nishimura/program/moriSDS/DiaROS_ros/install/interfaces/include/interfaces/msg/detail/imm__traits.hpp
-- Installing: /home/nishimura/program/moriSDS/DiaROS_ros/install/interfaces/include/interfaces/msg/detail/iasr__traits.hpp
-- Installing: /home/nishimura/program/moriSDS/DiaROS_ros/install/interfaces/include/interfaces/msg/detail/isa__builder.hpp
-- Installing: /home/nishimura/program/moriSDS/DiaROS_ros/install/interfaces/include/interfaces/msg/detail/inlg__struct.hpp
-- Installing: /home/nishimura/program/moriSDS/DiaROS_ros/install/interfaces/include/interfaces/msg/irc.hpp
-- Installing: /home/nishimura/program/moriSDS/DiaROS_ros/install/interfaces/include/interfaces/msg/list.hpp
-- Installing: /home/nishimura/program/moriSDS/DiaROS_ros/install/interfaces/include/interfaces/msg/isa.hpp
-- Installing: /home/nishimura/program/moriSDS/DiaROS_ros/install/interfaces/include/interfaces/msg/inlg.hpp
-- Up-to-date: /home/nishimura/program/moriSDS/DiaROS_ros/install/interfaces/include/interfaces
-- Up-to-date: /home/nishimura/program/moriSDS/DiaROS_ros/install/interfaces/include/interfaces/msg
-- Up-to-date: /home/nishimura/program/moriSDS/DiaROS_ros/install/interfaces/include/interfaces/msg/detail
-- Installing: /home/nishimura/program/moriSDS/DiaROS_ros/install/interfaces/include/interfaces/msg/detail/inlg__type_support.cpp
-- Installing: /home/nishimura/program/moriSDS/DiaROS_ros/install/interfaces/include/interfaces/msg/detail/imm__rosidl_typesupport_introspection_cpp.hpp
-- Installing: /home/nishimura/program/moriSDS/DiaROS_ros/install/interfaces/include/interfaces/msg/detail/irc__type_support.cpp
-- Installing: /home/nishimura/program/moriSDS/DiaROS_ros/install/interfaces/include/interfaces/msg/detail/iss__type_support.cpp
-- Installing: /home/nishimura/program/moriSDS/DiaROS_ros/install/interfaces/include/interfaces/msg/detail/list__rosidl_typesupport_introspection_cpp.hpp
-- Installing: /home/nishimura/program/moriSDS/DiaROS_ros/install/interfaces/include/interfaces/msg/detail/imm__type_support.cpp
-- Installing: /home/nishimura/program/moriSDS/DiaROS_ros/install/interfaces/include/interfaces/msg/detail/inlg__rosidl_typesupport_introspection_cpp.hpp
-- Installing: /home/nishimura/program/moriSDS/DiaROS_ros/install/interfaces/include/interfaces/msg/detail/iasr__type_support.cpp
-- Installing: /home/nishimura/program/moriSDS/DiaROS_ros/install/interfaces/include/interfaces/msg/detail/isa__type_support.cpp
-- Installing: /home/nishimura/program/moriSDS/DiaROS_ros/install/interfaces/include/interfaces/msg/detail/isa__rosidl_typesupport_introspection_cpp.hpp
-- Installing: /home/nishimura/program/moriSDS/DiaROS_ros/install/interfaces/include/interfaces/msg/detail/irc__rosidl_typesupport_introspection_cpp.hpp
-- Installing: /home/nishimura/program/moriSDS/DiaROS_ros/install/interfaces/include/interfaces/msg/detail/list__type_support.cpp
-- Installing: /home/nishimura/program/moriSDS/DiaROS_ros/install/interfaces/include/interfaces/msg/detail/iss__rosidl_typesupport_introspection_cpp.hpp
-- Installing: /home/nishimura/program/moriSDS/DiaROS_ros/install/interfaces/include/interfaces/msg/detail/iasr__rosidl_typesupport_introspection_cpp.hpp
-- Installing: /home/nishimura/program/moriSDS/DiaROS_ros/install/interfaces/lib/libinterfaces__rosidl_typesupport_introspection_cpp.so
-- Set runtime path of "/home/nishimura/program/moriSDS/DiaROS_ros/install/interfaces/lib/libinterfaces__rosidl_typesupport_introspection_cpp.so" to ""
-- Installing: /home/nishimura/program/moriSDS/DiaROS_ros/install/interfaces/lib/libinterfaces__rosidl_typesupport_cpp.so
-- Set runtime path of "/home/nishimura/program/moriSDS/DiaROS_ros/install/interfaces/lib/libinterfaces__rosidl_typesupport_cpp.so" to ""
-- Installing: /home/nishimura/program/moriSDS/DiaROS_ros/install/interfaces/share/interfaces/environment/pythonpath.sh
-- Installing: /home/nishimura/program/moriSDS/DiaROS_ros/install/interfaces/share/interfaces/environment/pythonpath.dsv
-- Installing: /home/nishimura/program/moriSDS/DiaROS_ros/install/interfaces/lib/python3.8/site-packages/interfaces/__init__.py
Compiling '/home/nishimura/program/moriSDS/DiaROS_ros/install/interfaces/lib/python3.8/site-packages/interfaces/__init__.py'...
-- Installing: /home/nishimura/program/moriSDS/DiaROS_ros/install/interfaces/lib/python3.8/site-packages/interfaces/msg
-- Installing: /home/nishimura/program/moriSDS/DiaROS_ros/install/interfaces/lib/python3.8/site-packages/interfaces/msg/_imm_s.c
-- Installing: /home/nishimura/program/moriSDS/DiaROS_ros/install/interfaces/lib/python3.8/site-packages/interfaces/msg/_imm.py
-- Installing: /home/nishimura/program/moriSDS/DiaROS_ros/install/interfaces/lib/python3.8/site-packages/interfaces/msg/_iss.py
-- Installing: /home/nishimura/program/moriSDS/DiaROS_ros/install/interfaces/lib/python3.8/site-packages/interfaces/msg/_irc.py
-- Installing: /home/nishimura/program/moriSDS/DiaROS_ros/install/interfaces/lib/python3.8/site-packages/interfaces/msg/_inlg.py
-- Installing: /home/nishimura/program/moriSDS/DiaROS_ros/install/interfaces/lib/python3.8/site-packages/interfaces/msg/_list_s.c
-- Installing: /home/nishimura/program/moriSDS/DiaROS_ros/install/interfaces/lib/python3.8/site-packages/interfaces/msg/_iasr_s.c
-- Installing: /home/nishimura/program/moriSDS/DiaROS_ros/install/interfaces/lib/python3.8/site-packages/interfaces/msg/_iasr.py
-- Installing: /home/nishimura/program/moriSDS/DiaROS_ros/install/interfaces/lib/python3.8/site-packages/interfaces/msg/_inlg_s.c
-- Installing: /home/nishimura/program/moriSDS/DiaROS_ros/install/interfaces/lib/python3.8/site-packages/interfaces/msg/__init__.py
-- Installing: /home/nishimura/program/moriSDS/DiaROS_ros/install/interfaces/lib/python3.8/site-packages/interfaces/msg/_list.py
-- Installing: /home/nishimura/program/moriSDS/DiaROS_ros/install/interfaces/lib/python3.8/site-packages/interfaces/msg/_iss_s.c
-- Installing: /home/nishimura/program/moriSDS/DiaROS_ros/install/interfaces/lib/python3.8/site-packages/interfaces/msg/_irc_s.c
-- Installing: /home/nishimura/program/moriSDS/DiaROS_ros/install/interfaces/lib/python3.8/site-packages/interfaces/msg/_isa.py
-- Installing: /home/nishimura/program/moriSDS/DiaROS_ros/install/interfaces/lib/python3.8/site-packages/interfaces/msg/_isa_s.c
-- Installing: /home/nishimura/program/moriSDS/DiaROS_ros/install/interfaces/lib/python3.8/site-packages/interfaces/interfaces_s__rosidl_typesupport_fastrtps_c.cpython-38-x86_64-linux-gnu.so
-- Set runtime path of "/home/nishimura/program/moriSDS/DiaROS_ros/install/interfaces/lib/python3.8/site-packages/interfaces/interfaces_s__rosidl_typesupport_fastrtps_c.cpython-38-x86_64-linux-gnu.so" to ""
-- Installing: /home/nishimura/program/moriSDS/DiaROS_ros/install/interfaces/lib/python3.8/site-packages/interfaces/interfaces_s__rosidl_typesupport_introspection_c.cpython-38-x86_64-linux-gnu.so
-- Set runtime path of "/home/nishimura/program/moriSDS/DiaROS_ros/install/interfaces/lib/python3.8/site-packages/interfaces/interfaces_s__rosidl_typesupport_introspection_c.cpython-38-x86_64-linux-gnu.so" to ""
-- Installing: /home/nishimura/program/moriSDS/DiaROS_ros/install/interfaces/lib/python3.8/site-packages/interfaces/interfaces_s__rosidl_typesupport_c.cpython-38-x86_64-linux-gnu.so
-- Set runtime path of "/home/nishimura/program/moriSDS/DiaROS_ros/install/interfaces/lib/python3.8/site-packages/interfaces/interfaces_s__rosidl_typesupport_c.cpython-38-x86_64-linux-gnu.so" to ""
-- Installing: /home/nishimura/program/moriSDS/DiaROS_ros/install/interfaces/lib/libinterfaces__python.so
-- Set runtime path of "/home/nishimura/program/moriSDS/DiaROS_ros/install/interfaces/lib/libinterfaces__python.so" to ""
-- Installing: /home/nishimura/program/moriSDS/DiaROS_ros/install/interfaces/share/interfaces/msg/List.idl
-- Installing: /home/nishimura/program/moriSDS/DiaROS_ros/install/interfaces/share/interfaces/msg/Iasr.idl
-- Installing: /home/nishimura/program/moriSDS/DiaROS_ros/install/interfaces/share/interfaces/msg/Isa.idl
-- Installing: /home/nishimura/program/moriSDS/DiaROS_ros/install/interfaces/share/interfaces/msg/Irc.idl
-- Installing: /home/nishimura/program/moriSDS/DiaROS_ros/install/interfaces/share/interfaces/msg/Inlg.idl
-- Installing: /home/nishimura/program/moriSDS/DiaROS_ros/install/interfaces/share/interfaces/msg/Iss.idl
-- Installing: /home/nishimura/program/moriSDS/DiaROS_ros/install/interfaces/share/interfaces/msg/Imm.idl
-- Installing: /home/nishimura/program/moriSDS/DiaROS_ros/install/interfaces/share/interfaces/msg/List.msg
-- Installing: /home/nishimura/program/moriSDS/DiaROS_ros/install/interfaces/share/interfaces/msg/Iasr.msg
-- Installing: /home/nishimura/program/moriSDS/DiaROS_ros/install/interfaces/share/interfaces/msg/Isa.msg
-- Installing: /home/nishimura/program/moriSDS/DiaROS_ros/install/interfaces/share/interfaces/msg/Irc.msg
-- Installing: /home/nishimura/program/moriSDS/DiaROS_ros/install/interfaces/share/interfaces/msg/Inlg.msg
-- Installing: /home/nishimura/program/moriSDS/DiaROS_ros/install/interfaces/share/interfaces/msg/Iss.msg
-- Installing: /home/nishimura/program/moriSDS/DiaROS_ros/install/interfaces/share/interfaces/msg/Imm.msg
-- Installing: /home/nishimura/program/moriSDS/DiaROS_ros/install/interfaces/share/ament_index/resource_index/package_run_dependencies/interfaces
-- Installing: /home/nishimura/program/moriSDS/DiaROS_ros/install/interfaces/share/ament_index/resource_index/parent_prefix_path/interfaces
-- Installing: /home/nishimura/program/moriSDS/DiaROS_ros/install/interfaces/share/interfaces/environment/ament_prefix_path.sh
-- Installing: /home/nishimura/program/moriSDS/DiaROS_ros/install/interfaces/share/interfaces/environment/ament_prefix_path.dsv
-- Installing: /home/nishimura/program/moriSDS/DiaROS_ros/install/interfaces/share/interfaces/environment/path.sh
-- Installing: /home/nishimura/program/moriSDS/DiaROS_ros/install/interfaces/share/interfaces/environment/path.dsv
-- Installing: /home/nishimura/program/moriSDS/DiaROS_ros/install/interfaces/share/interfaces/local_setup.bash
-- Installing: /home/nishimura/program/moriSDS/DiaROS_ros/install/interfaces/share/interfaces/local_setup.sh
-- Installing: /home/nishimura/program/moriSDS/DiaROS_ros/install/interfaces/share/interfaces/local_setup.zsh
-- Installing: /home/nishimura/program/moriSDS/DiaROS_ros/install/interfaces/share/interfaces/local_setup.dsv
-- Installing: /home/nishimura/program/moriSDS/DiaROS_ros/install/interfaces/share/interfaces/package.dsv
-- Installing: /home/nishimura/program/moriSDS/DiaROS_ros/install/interfaces/share/ament_index/resource_index/packages/interfaces
-- Installing: /home/nishimura/program/moriSDS/DiaROS_ros/install/interfaces/share/interfaces/cmake/interfaces__rosidl_generator_cExport.cmake
-- Installing: /home/nishimura/program/moriSDS/DiaROS_ros/install/interfaces/share/interfaces/cmake/interfaces__rosidl_generator_cExport-noconfig.cmake
-- Installing: /home/nishimura/program/moriSDS/DiaROS_ros/install/interfaces/share/interfaces/cmake/interfaces__rosidl_typesupport_introspection_cExport.cmake
-- Installing: /home/nishimura/program/moriSDS/DiaROS_ros/install/interfaces/share/interfaces/cmake/interfaces__rosidl_typesupport_introspection_cExport-noconfig.cmake
-- Installing: /home/nishimura/program/moriSDS/DiaROS_ros/install/interfaces/share/interfaces/cmake/interfaces__rosidl_typesupport_cExport.cmake
-- Installing: /home/nishimura/program/moriSDS/DiaROS_ros/install/interfaces/share/interfaces/cmake/interfaces__rosidl_typesupport_cExport-noconfig.cmake
-- Installing: /home/nishimura/program/moriSDS/DiaROS_ros/install/interfaces/share/interfaces/cmake/interfaces__rosidl_generator_cppExport.cmake
-- Installing: /home/nishimura/program/moriSDS/DiaROS_ros/install/interfaces/share/interfaces/cmake/interfaces__rosidl_typesupport_introspection_cppExport.cmake
-- Installing: /home/nishimura/program/moriSDS/DiaROS_ros/install/interfaces/share/interfaces/cmake/interfaces__rosidl_typesupport_introspection_cppExport-noconfig.cmake
-- Installing: /home/nishimura/program/moriSDS/DiaROS_ros/install/interfaces/share/interfaces/cmake/interfaces__rosidl_typesupport_cppExport.cmake
-- Installing: /home/nishimura/program/moriSDS/DiaROS_ros/install/interfaces/share/interfaces/cmake/interfaces__rosidl_typesupport_cppExport-noconfig.cmake
-- Installing: /home/nishimura/program/moriSDS/DiaROS_ros/install/interfaces/share/interfaces/cmake/rosidl_cmake-extras.cmake
-- Installing: /home/nishimura/program/moriSDS/DiaROS_ros/install/interfaces/share/interfaces/cmake/ament_cmake_export_dependencies-extras.cmake
-- Installing: /home/nishimura/program/moriSDS/DiaROS_ros/install/interfaces/share/interfaces/cmake/ament_cmake_export_libraries-extras.cmake
-- Installing: /home/nishimura/program/moriSDS/DiaROS_ros/install/interfaces/share/interfaces/cmake/ament_cmake_export_targets-extras.cmake
-- Installing: /home/nishimura/program/moriSDS/DiaROS_ros/install/interfaces/share/interfaces/cmake/ament_cmake_export_include_directories-extras.cmake
-- Installing: /home/nishimura/program/moriSDS/DiaROS_ros/install/interfaces/share/interfaces/cmake/rosidl_cmake_export_typesupport_libraries-extras.cmake
-- Installing: /home/nishimura/program/moriSDS/DiaROS_ros/install/interfaces/share/interfaces/cmake/rosidl_cmake_export_typesupport_targets-extras.cmake
-- Installing: /home/nishimura/program/moriSDS/DiaROS_ros/install/interfaces/share/interfaces/cmake/interfacesConfig.cmake
-- Installing: /home/nishimura/program/moriSDS/DiaROS_ros/install/interfaces/share/interfaces/cmake/interfacesConfig-version.cmake
-- Installing: /home/nishimura/program/moriSDS/DiaROS_ros/install/interfaces/share/interfaces/package.xml
