[0.016s] Invoking command in '/home/nishimura/program/moriSDS/DiaROS_ros/build/interfaces': /usr/bin/cmake /home/nishimura/program/moriSDS/DiaROS_ros/src/interfaces -DCMAKE_C_FLAGS=-fPIC -DCMAKE_INSTALL_PREFIX=/home/nishimura/program/moriSDS/DiaROS_ros/install/interfaces
[0.075s] -- The C compiler identification is GNU 9.4.0
[0.128s] -- The CXX compiler identification is GNU 9.4.0
[0.134s] -- Check for working C compiler: /usr/bin/cc
[0.199s] -- Check for working C compiler: /usr/bin/cc -- works
[0.201s] -- Detecting C compiler ABI info
[0.270s] -- Detecting C compiler ABI info - done
[0.283s] -- Detecting C compile features
[0.284s] -- Detecting C compile features - done
[0.285s] -- Check for working CXX compiler: /usr/bin/c++
[0.359s] -- Check for working CXX compiler: /usr/bin/c++ -- works
[0.360s] -- Detecting CXX compiler ABI info
[0.439s] -- Detecting CXX compiler ABI info - done
[0.452s] -- Detecting CXX compile features
[0.452s] -- Detecting CXX compile features - done
[0.454s] -- Found ament_cmake: 0.9.9 (/home/nishimura/ros2_foxy/ros2-linux/share/ament_cmake/cmake)
[0.518s] -- Found PythonInterp: /home/nishimura/.pyenv/shims/python3 (found suitable version "3.8.13", minimum required is "3") 
[0.518s] -- Using PYTHON_EXECUTABLE: /home/nishimura/.pyenv/shims/python3
[0.708s] -- Found rosidl_default_generators: 1.0.1 (/home/nishimura/ros2_foxy/ros2-linux/share/rosidl_default_generators/cmake)
[0.711s] -- Using all available rosidl_typesupport_c: rosidl_typesupport_connext_c;rosidl_typesupport_fastrtps_c;rosidl_typesupport_introspection_c
[0.718s] -- Found rosidl_adapter: 1.2.1 (/home/nishimura/ros2_foxy/ros2-linux/share/rosidl_adapter/cmake)
[0.730s] -- Could not find RTI Connext - skipping rosidl_typesupport_connext_c
[0.749s] -- Could not find RTI Connext - skipping rosidl_typesupport_connext_cpp
[0.823s] -- Found OpenSSL: /usr/lib/x86_64-linux-gnu/libcrypto.so (found version "1.1.1f")  
[0.838s] -- Found FastRTPS: /home/nishimura/ros2_foxy/ros2-linux/include  
[0.891s] -- Using all available rosidl_typesupport_cpp: rosidl_typesupport_connext_cpp;rosidl_typesupport_fastrtps_cpp;rosidl_typesupport_introspection_cpp
[0.975s] -- Found PythonInterp: /home/nishimura/.pyenv/shims/python3 (found version "3.8.13") 
[1.192s] -- Found ament_cmake_ros: 0.9.2 (/home/nishimura/ros2_foxy/ros2-linux/share/ament_cmake_ros/cmake)
[1.270s] -- Using all available rosidl_typesupport_c: rosidl_typesupport_connext_c;rosidl_typesupport_fastrtps_c;rosidl_typesupport_introspection_c
[1.275s] -- Using all available rosidl_typesupport_cpp: rosidl_typesupport_connext_cpp;rosidl_typesupport_fastrtps_cpp;rosidl_typesupport_introspection_cpp
[1.344s] -- Found PythonInterp: /home/nishimura/.pyenv/shims/python3 (found suitable version "3.8.13", minimum required is "3.5") 
[1.346s] -- Found python_cmake_module: 0.8.1 (/home/nishimura/ros2_foxy/ros2-linux/share/python_cmake_module/cmake)
[1.415s] -- Found PythonLibs: /usr/lib/x86_64-linux-gnu/libpython3.8.so (found suitable version "3.8.10", minimum required is "3.5") 
[1.416s] -- Using PYTHON_EXECUTABLE: /home/nishimura/.pyenv/shims/python3
[1.416s] -- Using PYTHON_INCLUDE_DIRS: /usr/include/python3.8
[1.416s] -- Using PYTHON_LIBRARIES: /usr/lib/x86_64-linux-gnu/libpython3.8.so
[1.480s] -- Found PythonExtra: .so  
[1.562s] -- Found ament_lint_auto: 0.9.6 (/home/nishimura/ros2_foxy/ros2-linux/share/ament_lint_auto/cmake)
[1.574s] -- Added test 'copyright' to check source files copyright and LICENSE
[1.575s] -- Added test 'lint_cmake' to check CMake code style
[1.576s] -- Added test 'xmllint' to check XML markup files
[1.579s] -- Configuring done
[1.606s] -- Generating done
[1.608s] -- Build files have been written to: /home/nishimura/program/moriSDS/DiaROS_ros/build/interfaces
[1.613s] Invoked command in '/home/nishimura/program/moriSDS/DiaROS_ros/build/interfaces' returned '0': /usr/bin/cmake /home/nishimura/program/moriSDS/DiaROS_ros/src/interfaces -DCMAKE_C_FLAGS=-fPIC -DCMAKE_INSTALL_PREFIX=/home/nishimura/program/moriSDS/DiaROS_ros/install/interfaces
[1.617s] Invoking command in '/home/nishimura/program/moriSDS/DiaROS_ros/build/interfaces': /usr/bin/cmake --build /home/nishimura/program/moriSDS/DiaROS_ros/build/interfaces -- -j48 -l48
[1.660s] [35m[1mScanning dependencies of target interfaces__cpp[0m
[1.664s] [  1%] [34m[1mGenerating C code for ROS interfaces[0m
[1.670s] [  2%] [34m[1mGenerating C++ code for ROS interfaces[0m
[2.151s] [  2%] Built target interfaces__cpp
[2.159s] [  3%] [34m[1mGenerating C++ introspection for ROS interfaces[0m
[2.161s] [  6%] [34m[1mGenerating C++ type support for eProsima Fast-RTPS[0m
[2.161s] [  6%] [34m[1mGenerating C++ type support dispatch for ROS interfaces[0m
[2.167s] [35m[1mScanning dependencies of target interfaces__rosidl_generator_c[0m
[2.176s] [  7%] [32mBuilding C object CMakeFiles/interfaces__rosidl_generator_c.dir/rosidl_generator_c/interfaces/msg/detail/iasr__functions.c.o[0m
[2.178s] [  8%] [32mBuilding C object CMakeFiles/interfaces__rosidl_generator_c.dir/rosidl_generator_c/interfaces/msg/detail/irc__functions.c.o[0m
[2.179s] [ 10%] [32mBuilding C object CMakeFiles/interfaces__rosidl_generator_c.dir/rosidl_generator_c/interfaces/msg/detail/list__functions.c.o[0m
[2.180s] [ 11%] [32mBuilding C object CMakeFiles/interfaces__rosidl_generator_c.dir/rosidl_generator_c/interfaces/msg/detail/iss__functions.c.o[0m
[2.180s] [ 12%] [32mBuilding C object CMakeFiles/interfaces__rosidl_generator_c.dir/rosidl_generator_c/interfaces/msg/detail/inlg__functions.c.o[0m
[2.180s] [ 13%] [32mBuilding C object CMakeFiles/interfaces__rosidl_generator_c.dir/rosidl_generator_c/interfaces/msg/detail/imm__functions.c.o[0m
[2.181s] [ 15%] [32mBuilding C object CMakeFiles/interfaces__rosidl_generator_c.dir/rosidl_generator_c/interfaces/msg/detail/isa__functions.c.o[0m
[2.216s] [ 16%] [32m[1mLinking C shared library libinterfaces__rosidl_generator_c.so[0m
[2.249s] [ 16%] Built target interfaces__rosidl_generator_c
[2.258s] [ 17%] [34m[1mGenerating C type support dispatch for ROS interfaces[0m
[2.261s] [ 18%] [34m[1mGenerating C introspection for ROS interfaces[0m
[2.499s] [35m[1mScanning dependencies of target interfaces__rosidl_typesupport_cpp[0m
[2.510s] [ 20%] [32mBuilding CXX object CMakeFiles/interfaces__rosidl_typesupport_cpp.dir/rosidl_typesupport_cpp/interfaces/msg/iasr__type_support.cpp.o[0m
[2.511s] [ 21%] [32mBuilding CXX object CMakeFiles/interfaces__rosidl_typesupport_cpp.dir/rosidl_typesupport_cpp/interfaces/msg/imm__type_support.cpp.o[0m
[2.511s] [ 22%] [32mBuilding CXX object CMakeFiles/interfaces__rosidl_typesupport_cpp.dir/rosidl_typesupport_cpp/interfaces/msg/isa__type_support.cpp.o[0m
[2.511s] [ 24%] [32mBuilding CXX object CMakeFiles/interfaces__rosidl_typesupport_cpp.dir/rosidl_typesupport_cpp/interfaces/msg/list__type_support.cpp.o[0m
[2.512s] [ 25%] [32mBuilding CXX object CMakeFiles/interfaces__rosidl_typesupport_cpp.dir/rosidl_typesupport_cpp/interfaces/msg/irc__type_support.cpp.o[0m
[2.512s] [ 26%] [32mBuilding CXX object CMakeFiles/interfaces__rosidl_typesupport_cpp.dir/rosidl_typesupport_cpp/interfaces/msg/iss__type_support.cpp.o[0m
[2.513s] [ 27%] [32mBuilding CXX object CMakeFiles/interfaces__rosidl_typesupport_cpp.dir/rosidl_typesupport_cpp/interfaces/msg/inlg__type_support.cpp.o[0m
[2.556s] [35m[1mScanning dependencies of target interfaces__rosidl_typesupport_introspection_cpp[0m
[2.567s] [ 29%] [32mBuilding CXX object CMakeFiles/interfaces__rosidl_typesupport_introspection_cpp.dir/rosidl_typesupport_introspection_cpp/interfaces/msg/detail/iasr__type_support.cpp.o[0m
[2.567s] [ 30%] [32mBuilding CXX object CMakeFiles/interfaces__rosidl_typesupport_introspection_cpp.dir/rosidl_typesupport_introspection_cpp/interfaces/msg/detail/iss__type_support.cpp.o[0m
[2.568s] [ 31%] [32mBuilding CXX object CMakeFiles/interfaces__rosidl_typesupport_introspection_cpp.dir/rosidl_typesupport_introspection_cpp/interfaces/msg/detail/irc__type_support.cpp.o[0m
[2.568s] [ 32%] [32mBuilding CXX object CMakeFiles/interfaces__rosidl_typesupport_introspection_cpp.dir/rosidl_typesupport_introspection_cpp/interfaces/msg/detail/inlg__type_support.cpp.o[0m
[2.569s] [ 34%] [32mBuilding CXX object CMakeFiles/interfaces__rosidl_typesupport_introspection_cpp.dir/rosidl_typesupport_introspection_cpp/interfaces/msg/detail/imm__type_support.cpp.o[0m
[2.569s] [ 35%] [32mBuilding CXX object CMakeFiles/interfaces__rosidl_typesupport_introspection_cpp.dir/rosidl_typesupport_introspection_cpp/interfaces/msg/detail/list__type_support.cpp.o[0m
[2.569s] [ 36%] [32mBuilding CXX object CMakeFiles/interfaces__rosidl_typesupport_introspection_cpp.dir/rosidl_typesupport_introspection_cpp/interfaces/msg/detail/isa__type_support.cpp.o[0m
[2.611s] [35m[1mScanning dependencies of target interfaces__rosidl_typesupport_c[0m
[2.616s] [35m[1mScanning dependencies of target interfaces__rosidl_typesupport_fastrtps_cpp[0m
[2.621s] [ 37%] [32mBuilding CXX object CMakeFiles/interfaces__rosidl_typesupport_c.dir/rosidl_typesupport_c/interfaces/msg/iasr__type_support.cpp.o[0m
[2.621s] [ 39%] [32mBuilding CXX object CMakeFiles/interfaces__rosidl_typesupport_c.dir/rosidl_typesupport_c/interfaces/msg/isa__type_support.cpp.o[0m
[2.622s] [ 40%] [32mBuilding CXX object CMakeFiles/interfaces__rosidl_typesupport_c.dir/rosidl_typesupport_c/interfaces/msg/list__type_support.cpp.o[0m
[2.623s] [ 41%] [32mBuilding CXX object CMakeFiles/interfaces__rosidl_typesupport_c.dir/rosidl_typesupport_c/interfaces/msg/iss__type_support.cpp.o[0m
[2.624s] [ 44%] [32mBuilding CXX object CMakeFiles/interfaces__rosidl_typesupport_c.dir/rosidl_typesupport_c/interfaces/msg/imm__type_support.cpp.o[0m
[2.624s] [ 44%] [32mBuilding CXX object CMakeFiles/interfaces__rosidl_typesupport_c.dir/rosidl_typesupport_c/interfaces/msg/inlg__type_support.cpp.o[0m
[2.624s] [ 45%] [32mBuilding CXX object CMakeFiles/interfaces__rosidl_typesupport_c.dir/rosidl_typesupport_c/interfaces/msg/irc__type_support.cpp.o[0m
[2.631s] [ 46%] [32mBuilding CXX object CMakeFiles/interfaces__rosidl_typesupport_fastrtps_cpp.dir/rosidl_typesupport_fastrtps_cpp/interfaces/msg/detail/dds_fastrtps/irc__type_support.cpp.o[0m
[2.631s] [ 49%] [32mBuilding CXX object CMakeFiles/interfaces__rosidl_typesupport_fastrtps_cpp.dir/rosidl_typesupport_fastrtps_cpp/interfaces/msg/detail/dds_fastrtps/iss__type_support.cpp.o[0m
[2.631s] [ 49%] [32mBuilding CXX object CMakeFiles/interfaces__rosidl_typesupport_fastrtps_cpp.dir/rosidl_typesupport_fastrtps_cpp/interfaces/msg/detail/dds_fastrtps/list__type_support.cpp.o[0m
[2.631s] [ 50%] [32mBuilding CXX object CMakeFiles/interfaces__rosidl_typesupport_fastrtps_cpp.dir/rosidl_typesupport_fastrtps_cpp/interfaces/msg/detail/dds_fastrtps/imm__type_support.cpp.o[0m
[2.631s] [ 51%] [32mBuilding CXX object CMakeFiles/interfaces__rosidl_typesupport_fastrtps_cpp.dir/rosidl_typesupport_fastrtps_cpp/interfaces/msg/detail/dds_fastrtps/inlg__type_support.cpp.o[0m
[2.633s] [ 53%] [32mBuilding CXX object CMakeFiles/interfaces__rosidl_typesupport_fastrtps_cpp.dir/rosidl_typesupport_fastrtps_cpp/interfaces/msg/detail/dds_fastrtps/isa__type_support.cpp.o[0m
[2.633s] [ 54%] [32mBuilding CXX object CMakeFiles/interfaces__rosidl_typesupport_fastrtps_cpp.dir/rosidl_typesupport_fastrtps_cpp/interfaces/msg/detail/dds_fastrtps/iasr__type_support.cpp.o[0m
[2.655s] [ 55%] [32m[1mLinking CXX shared library libinterfaces__rosidl_typesupport_c.so[0m
[2.687s] [35m[1mScanning dependencies of target interfaces__rosidl_typesupport_introspection_c[0m
[2.691s] [ 55%] Built target interfaces__rosidl_typesupport_c
[2.698s] [ 58%] [32mBuilding C object CMakeFiles/interfaces__rosidl_typesupport_introspection_c.dir/rosidl_typesupport_introspection_c/interfaces/msg/detail/iasr__type_support.c.o[0m
[2.698s] [ 58%] [32mBuilding C object CMakeFiles/interfaces__rosidl_typesupport_introspection_c.dir/rosidl_typesupport_introspection_c/interfaces/msg/detail/imm__type_support.c.o[0m
[2.700s] [ 59%] [32mBuilding C object CMakeFiles/interfaces__rosidl_typesupport_introspection_c.dir/rosidl_typesupport_introspection_c/interfaces/msg/detail/list__type_support.c.o[0m
[2.700s] [ 60%] [32mBuilding C object CMakeFiles/interfaces__rosidl_typesupport_introspection_c.dir/rosidl_typesupport_introspection_c/interfaces/msg/detail/iss__type_support.c.o[0m
[2.701s] [ 63%] [32mBuilding C object CMakeFiles/interfaces__rosidl_typesupport_introspection_c.dir/rosidl_typesupport_introspection_c/interfaces/msg/detail/irc__type_support.c.o[0m
[2.701s] [ 63%] [32mBuilding C object CMakeFiles/interfaces__rosidl_typesupport_introspection_c.dir/rosidl_typesupport_introspection_c/interfaces/msg/detail/isa__type_support.c.o[0m
[2.701s] [ 64%] [32mBuilding C object CMakeFiles/interfaces__rosidl_typesupport_introspection_c.dir/rosidl_typesupport_introspection_c/interfaces/msg/detail/inlg__type_support.c.o[0m
[2.733s] [ 65%] [32m[1mLinking C shared library libinterfaces__rosidl_typesupport_introspection_c.so[0m
[2.754s] [ 67%] [32m[1mLinking CXX shared library libinterfaces__rosidl_typesupport_cpp.so[0m
[2.763s] [ 67%] Built target interfaces__rosidl_typesupport_introspection_c
[2.792s] [ 67%] Built target interfaces__rosidl_typesupport_cpp
[2.840s] [ 68%] [32m[1mLinking CXX shared library libinterfaces__rosidl_typesupport_introspection_cpp.so[0m
[2.890s] [ 68%] Built target interfaces__rosidl_typesupport_introspection_cpp
[2.988s] [ 69%] [32m[1mLinking CXX shared library libinterfaces__rosidl_typesupport_fastrtps_cpp.so[0m
[3.047s] [ 69%] Built target interfaces__rosidl_typesupport_fastrtps_cpp
[3.054s] [ 70%] [34m[1mGenerating C type support for eProsima Fast-RTPS[0m
[3.500s] [35m[1mScanning dependencies of target interfaces__rosidl_typesupport_fastrtps_c[0m
[3.514s] [ 72%] [32mBuilding CXX object CMakeFiles/interfaces__rosidl_typesupport_fastrtps_c.dir/rosidl_typesupport_fastrtps_c/interfaces/msg/detail/isa__type_support_c.cpp.o[0m
[3.515s] [ 73%] [32mBuilding CXX object CMakeFiles/interfaces__rosidl_typesupport_fastrtps_c.dir/rosidl_typesupport_fastrtps_c/interfaces/msg/detail/list__type_support_c.cpp.o[0m
[3.515s] [ 74%] [32mBuilding CXX object CMakeFiles/interfaces__rosidl_typesupport_fastrtps_c.dir/rosidl_typesupport_fastrtps_c/interfaces/msg/detail/iasr__type_support_c.cpp.o[0m
[3.516s] [ 75%] [32mBuilding CXX object CMakeFiles/interfaces__rosidl_typesupport_fastrtps_c.dir/rosidl_typesupport_fastrtps_c/interfaces/msg/detail/imm__type_support_c.cpp.o[0m
[3.516s] [ 77%] [32mBuilding CXX object CMakeFiles/interfaces__rosidl_typesupport_fastrtps_c.dir/rosidl_typesupport_fastrtps_c/interfaces/msg/detail/irc__type_support_c.cpp.o[0m
[3.516s] [ 78%] [32mBuilding CXX object CMakeFiles/interfaces__rosidl_typesupport_fastrtps_c.dir/rosidl_typesupport_fastrtps_c/interfaces/msg/detail/iss__type_support_c.cpp.o[0m
[3.516s] [ 79%] [32mBuilding CXX object CMakeFiles/interfaces__rosidl_typesupport_fastrtps_c.dir/rosidl_typesupport_fastrtps_c/interfaces/msg/detail/inlg__type_support_c.cpp.o[0m
[3.770s] [ 81%] [32m[1mLinking CXX shared library libinterfaces__rosidl_typesupport_fastrtps_c.so[0m
[3.837s] [ 81%] Built target interfaces__rosidl_typesupport_fastrtps_c
[3.847s] [35m[1mScanning dependencies of target interfaces[0m
[3.857s] [ 81%] Built target interfaces
[3.868s] [35m[1mScanning dependencies of target interfaces__py[0m
[3.879s] [ 82%] [34m[1mGenerating Python code for ROS interfaces[0m
[4.740s] [ 82%] Built target interfaces__py
[4.750s] [35m[1mScanning dependencies of target interfaces__python[0m
[4.773s] [ 83%] [32mBuilding C object CMakeFiles/interfaces__python.dir/rosidl_generator_py/interfaces/msg/_isa_s.c.o[0m
[4.773s] [ 84%] [32mBuilding C object CMakeFiles/interfaces__python.dir/rosidl_generator_py/interfaces/msg/_list_s.c.o[0m
[4.773s] [ 86%] [32mBuilding C object CMakeFiles/interfaces__python.dir/rosidl_generator_py/interfaces/msg/_iss_s.c.o[0m
[4.774s] [ 88%] [32mBuilding C object CMakeFiles/interfaces__python.dir/rosidl_generator_py/interfaces/msg/_irc_s.c.o[0m
[4.774s] [ 88%] [32mBuilding C object CMakeFiles/interfaces__python.dir/rosidl_generator_py/interfaces/msg/_iasr_s.c.o[0m
[4.774s] [ 89%] [32mBuilding C object CMakeFiles/interfaces__python.dir/rosidl_generator_py/interfaces/msg/_imm_s.c.o[0m
[4.774s] [ 91%] [32mBuilding C object CMakeFiles/interfaces__python.dir/rosidl_generator_py/interfaces/msg/_inlg_s.c.o[0m
[4.855s] [ 92%] [32m[1mLinking C shared library rosidl_generator_py/interfaces/libinterfaces__python.so[0m
[4.889s] [ 92%] Built target interfaces__python
[4.900s] [35m[1mScanning dependencies of target interfaces__rosidl_typesupport_fastrtps_c__pyext[0m
[4.901s] [35m[1mScanning dependencies of target interfaces__rosidl_typesupport_introspection_c__pyext[0m
[4.901s] [35m[1mScanning dependencies of target interfaces__rosidl_typesupport_c__pyext[0m
[4.917s] [ 93%] [32mBuilding C object CMakeFiles/interfaces__rosidl_typesupport_introspection_c__pyext.dir/rosidl_generator_py/interfaces/_interfaces_s.ep.rosidl_typesupport_introspection_c.c.o[0m
[4.920s] [ 94%] [32mBuilding C object CMakeFiles/interfaces__rosidl_typesupport_c__pyext.dir/rosidl_generator_py/interfaces/_interfaces_s.ep.rosidl_typesupport_c.c.o[0m
[4.920s] [ 96%] [32mBuilding C object CMakeFiles/interfaces__rosidl_typesupport_fastrtps_c__pyext.dir/rosidl_generator_py/interfaces/_interfaces_s.ep.rosidl_typesupport_fastrtps_c.c.o[0m
[4.996s] [ 97%] [32m[1mLinking C shared library rosidl_generator_py/interfaces/interfaces_s__rosidl_typesupport_introspection_c.cpython-38-x86_64-linux-gnu.so[0m
[5.000s] [ 98%] [32m[1mLinking C shared library rosidl_generator_py/interfaces/interfaces_s__rosidl_typesupport_c.cpython-38-x86_64-linux-gnu.so[0m
[5.003s] [100%] [32m[1mLinking CXX shared library rosidl_generator_py/interfaces/interfaces_s__rosidl_typesupport_fastrtps_c.cpython-38-x86_64-linux-gnu.so[0m
[5.023s] [100%] Built target interfaces__rosidl_typesupport_introspection_c__pyext
[5.035s] [100%] Built target interfaces__rosidl_typesupport_c__pyext
[5.052s] [100%] Built target interfaces__rosidl_typesupport_fastrtps_c__pyext
[5.063s] Invoked command in '/home/nishimura/program/moriSDS/DiaROS_ros/build/interfaces' returned '0': /usr/bin/cmake --build /home/nishimura/program/moriSDS/DiaROS_ros/build/interfaces -- -j48 -l48
[5.167s] Invoking command in '/home/nishimura/program/moriSDS/DiaROS_ros/build/interfaces': /usr/bin/cmake --install /home/nishimura/program/moriSDS/DiaROS_ros/build/interfaces
[5.176s] -- Install configuration: ""
[5.176s] -- Installing: /home/nishimura/program/moriSDS/DiaROS_ros/install/interfaces/share/ament_index/resource_index/rosidl_interfaces/interfaces
[5.177s] -- Installing: /home/nishimura/program/moriSDS/DiaROS_ros/install/interfaces/include/interfaces
[5.177s] -- Installing: /home/nishimura/program/moriSDS/DiaROS_ros/install/interfaces/include/interfaces/msg
[5.177s] -- Installing: /home/nishimura/program/moriSDS/DiaROS_ros/install/interfaces/include/interfaces/msg/detail
[5.177s] -- Installing: /home/nishimura/program/moriSDS/DiaROS_ros/install/interfaces/include/interfaces/msg/detail/list__type_support.h
[5.177s] -- Installing: /home/nishimura/program/moriSDS/DiaROS_ros/install/interfaces/include/interfaces/msg/detail/list__functions.c
[5.177s] -- Installing: /home/nishimura/program/moriSDS/DiaROS_ros/install/interfaces/include/interfaces/msg/detail/irc__struct.h
[5.177s] -- Installing: /home/nishimura/program/moriSDS/DiaROS_ros/install/interfaces/include/interfaces/msg/detail/imm__functions.h
[5.177s] -- Installing: /home/nishimura/program/moriSDS/DiaROS_ros/install/interfaces/include/interfaces/msg/detail/iasr__functions.c
[5.177s] -- Installing: /home/nishimura/program/moriSDS/DiaROS_ros/install/interfaces/include/interfaces/msg/detail/imm__functions.c
[5.177s] -- Installing: /home/nishimura/program/moriSDS/DiaROS_ros/install/interfaces/include/interfaces/msg/detail/isa__type_support.h
[5.178s] -- Installing: /home/nishimura/program/moriSDS/DiaROS_ros/install/interfaces/include/interfaces/msg/detail/iss__functions.h
[5.178s] -- Installing: /home/nishimura/program/moriSDS/DiaROS_ros/install/interfaces/include/interfaces/msg/detail/imm__type_support.h
[5.178s] -- Installing: /home/nishimura/program/moriSDS/DiaROS_ros/install/interfaces/include/interfaces/msg/detail/inlg__functions.c
[5.178s] -- Installing: /home/nishimura/program/moriSDS/DiaROS_ros/install/interfaces/include/interfaces/msg/detail/irc__functions.c
[5.178s] -- Installing: /home/nishimura/program/moriSDS/DiaROS_ros/install/interfaces/include/interfaces/msg/detail/inlg__functions.h
[5.178s] -- Installing: /home/nishimura/program/moriSDS/DiaROS_ros/install/interfaces/include/interfaces/msg/detail/iss__struct.h
[5.178s] -- Installing: /home/nishimura/program/moriSDS/DiaROS_ros/install/interfaces/include/interfaces/msg/detail/irc__functions.h
[5.178s] -- Installing: /home/nishimura/program/moriSDS/DiaROS_ros/install/interfaces/include/interfaces/msg/detail/isa__functions.c
[5.178s] -- Installing: /home/nishimura/program/moriSDS/DiaROS_ros/install/interfaces/include/interfaces/msg/detail/imm__struct.h
[5.179s] -- Installing: /home/nishimura/program/moriSDS/DiaROS_ros/install/interfaces/include/interfaces/msg/detail/list__struct.h
[5.179s] -- Installing: /home/nishimura/program/moriSDS/DiaROS_ros/install/interfaces/include/interfaces/msg/detail/list__functions.h
[5.179s] -- Installing: /home/nishimura/program/moriSDS/DiaROS_ros/install/interfaces/include/interfaces/msg/detail/iss__functions.c
[5.179s] -- Installing: /home/nishimura/program/moriSDS/DiaROS_ros/install/interfaces/include/interfaces/msg/detail/iasr__functions.h
[5.179s] -- Installing: /home/nishimura/program/moriSDS/DiaROS_ros/install/interfaces/include/interfaces/msg/detail/iss__type_support.h
[5.179s] -- Installing: /home/nishimura/program/moriSDS/DiaROS_ros/install/interfaces/include/interfaces/msg/detail/iasr__type_support.h
[5.179s] -- Installing: /home/nishimura/program/moriSDS/DiaROS_ros/install/interfaces/include/interfaces/msg/detail/isa__struct.h
[5.179s] -- Installing: /home/nishimura/program/moriSDS/DiaROS_ros/install/interfaces/include/interfaces/msg/detail/irc__type_support.h
[5.179s] -- Installing: /home/nishimura/program/moriSDS/DiaROS_ros/install/interfaces/include/interfaces/msg/detail/inlg__struct.h
[5.179s] -- Installing: /home/nishimura/program/moriSDS/DiaROS_ros/install/interfaces/include/interfaces/msg/detail/iasr__struct.h
[5.179s] -- Installing: /home/nishimura/program/moriSDS/DiaROS_ros/install/interfaces/include/interfaces/msg/detail/isa__functions.h
[5.180s] -- Installing: /home/nishimura/program/moriSDS/DiaROS_ros/install/interfaces/include/interfaces/msg/detail/inlg__type_support.h
[5.180s] -- Installing: /home/nishimura/program/moriSDS/DiaROS_ros/install/interfaces/include/interfaces/msg/isa.h
[5.180s] -- Installing: /home/nishimura/program/moriSDS/DiaROS_ros/install/interfaces/include/interfaces/msg/inlg.h
[5.180s] -- Installing: /home/nishimura/program/moriSDS/DiaROS_ros/install/interfaces/include/interfaces/msg/list.h
[5.180s] -- Installing: /home/nishimura/program/moriSDS/DiaROS_ros/install/interfaces/include/interfaces/msg/rosidl_generator_c__visibility_control.h
[5.180s] -- Installing: /home/nishimura/program/moriSDS/DiaROS_ros/install/interfaces/include/interfaces/msg/imm.h
[5.180s] -- Installing: /home/nishimura/program/moriSDS/DiaROS_ros/install/interfaces/include/interfaces/msg/iasr.h
[5.180s] -- Installing: /home/nishimura/program/moriSDS/DiaROS_ros/install/interfaces/include/interfaces/msg/iss.h
[5.180s] -- Installing: /home/nishimura/program/moriSDS/DiaROS_ros/install/interfaces/include/interfaces/msg/irc.h
[5.181s] -- Installing: /home/nishimura/program/moriSDS/DiaROS_ros/install/interfaces/share/interfaces/environment/library_path.sh
[5.181s] -- Installing: /home/nishimura/program/moriSDS/DiaROS_ros/install/interfaces/share/interfaces/environment/library_path.dsv
[5.181s] -- Installing: /home/nishimura/program/moriSDS/DiaROS_ros/install/interfaces/lib/libinterfaces__rosidl_generator_c.so
[5.181s] -- Set runtime path of "/home/nishimura/program/moriSDS/DiaROS_ros/install/interfaces/lib/libinterfaces__rosidl_generator_c.so" to ""
[5.181s] -- Up-to-date: /home/nishimura/program/moriSDS/DiaROS_ros/install/interfaces/include/interfaces
[5.181s] -- Up-to-date: /home/nishimura/program/moriSDS/DiaROS_ros/install/interfaces/include/interfaces/msg
[5.181s] -- Installing: /home/nishimura/program/moriSDS/DiaROS_ros/install/interfaces/include/interfaces/msg/rosidl_typesupport_fastrtps_c__visibility_control.h
[5.181s] -- Up-to-date: /home/nishimura/program/moriSDS/DiaROS_ros/install/interfaces/include/interfaces/msg/detail
[5.181s] -- Installing: /home/nishimura/program/moriSDS/DiaROS_ros/install/interfaces/include/interfaces/msg/detail/imm__rosidl_typesupport_fastrtps_c.h
[5.182s] -- Installing: /home/nishimura/program/moriSDS/DiaROS_ros/install/interfaces/include/interfaces/msg/detail/list__rosidl_typesupport_fastrtps_c.h
[5.182s] -- Installing: /home/nishimura/program/moriSDS/DiaROS_ros/install/interfaces/include/interfaces/msg/detail/irc__rosidl_typesupport_fastrtps_c.h
[5.182s] -- Installing: /home/nishimura/program/moriSDS/DiaROS_ros/install/interfaces/include/interfaces/msg/detail/isa__rosidl_typesupport_fastrtps_c.h
[5.182s] -- Installing: /home/nishimura/program/moriSDS/DiaROS_ros/install/interfaces/include/interfaces/msg/detail/iss__rosidl_typesupport_fastrtps_c.h
[5.182s] -- Installing: /home/nishimura/program/moriSDS/DiaROS_ros/install/interfaces/include/interfaces/msg/detail/inlg__rosidl_typesupport_fastrtps_c.h
[5.182s] -- Installing: /home/nishimura/program/moriSDS/DiaROS_ros/install/interfaces/include/interfaces/msg/detail/iasr__rosidl_typesupport_fastrtps_c.h
[5.182s] -- Installing: /home/nishimura/program/moriSDS/DiaROS_ros/install/interfaces/lib/libinterfaces__rosidl_typesupport_fastrtps_c.so
[5.182s] -- Set runtime path of "/home/nishimura/program/moriSDS/DiaROS_ros/install/interfaces/lib/libinterfaces__rosidl_typesupport_fastrtps_c.so" to ""
[5.182s] -- Up-to-date: /home/nishimura/program/moriSDS/DiaROS_ros/install/interfaces/include/interfaces
[5.182s] -- Up-to-date: /home/nishimura/program/moriSDS/DiaROS_ros/install/interfaces/include/interfaces/msg
[5.182s] -- Up-to-date: /home/nishimura/program/moriSDS/DiaROS_ros/install/interfaces/include/interfaces/msg/detail
[5.183s] -- Installing: /home/nishimura/program/moriSDS/DiaROS_ros/install/interfaces/include/interfaces/msg/detail/inlg__rosidl_typesupport_fastrtps_cpp.hpp
[5.183s] -- Installing: /home/nishimura/program/moriSDS/DiaROS_ros/install/interfaces/include/interfaces/msg/detail/iss__rosidl_typesupport_fastrtps_cpp.hpp
[5.183s] -- Installing: /home/nishimura/program/moriSDS/DiaROS_ros/install/interfaces/include/interfaces/msg/detail/list__rosidl_typesupport_fastrtps_cpp.hpp
[5.183s] -- Installing: /home/nishimura/program/moriSDS/DiaROS_ros/install/interfaces/include/interfaces/msg/detail/imm__rosidl_typesupport_fastrtps_cpp.hpp
[5.183s] -- Installing: /home/nishimura/program/moriSDS/DiaROS_ros/install/interfaces/include/interfaces/msg/detail/dds_fastrtps
[5.183s] -- Installing: /home/nishimura/program/moriSDS/DiaROS_ros/install/interfaces/include/interfaces/msg/detail/isa__rosidl_typesupport_fastrtps_cpp.hpp
[5.183s] -- Installing: /home/nishimura/program/moriSDS/DiaROS_ros/install/interfaces/include/interfaces/msg/detail/iasr__rosidl_typesupport_fastrtps_cpp.hpp
[5.183s] -- Installing: /home/nishimura/program/moriSDS/DiaROS_ros/install/interfaces/include/interfaces/msg/detail/irc__rosidl_typesupport_fastrtps_cpp.hpp
[5.183s] -- Installing: /home/nishimura/program/moriSDS/DiaROS_ros/install/interfaces/include/interfaces/msg/rosidl_typesupport_fastrtps_cpp__visibility_control.h
[5.184s] -- Installing: /home/nishimura/program/moriSDS/DiaROS_ros/install/interfaces/lib/libinterfaces__rosidl_typesupport_fastrtps_cpp.so
[5.184s] -- Set runtime path of "/home/nishimura/program/moriSDS/DiaROS_ros/install/interfaces/lib/libinterfaces__rosidl_typesupport_fastrtps_cpp.so" to ""
[5.184s] -- Up-to-date: /home/nishimura/program/moriSDS/DiaROS_ros/install/interfaces/include/interfaces
[5.184s] -- Up-to-date: /home/nishimura/program/moriSDS/DiaROS_ros/install/interfaces/include/interfaces/msg
[5.184s] -- Up-to-date: /home/nishimura/program/moriSDS/DiaROS_ros/install/interfaces/include/interfaces/msg/detail
[5.184s] -- Installing: /home/nishimura/program/moriSDS/DiaROS_ros/install/interfaces/include/interfaces/msg/detail/iss__type_support.c
[5.184s] -- Installing: /home/nishimura/program/moriSDS/DiaROS_ros/install/interfaces/include/interfaces/msg/detail/irc__rosidl_typesupport_introspection_c.h
[5.184s] -- Installing: /home/nishimura/program/moriSDS/DiaROS_ros/install/interfaces/include/interfaces/msg/detail/inlg__type_support.c
[5.184s] -- Installing: /home/nishimura/program/moriSDS/DiaROS_ros/install/interfaces/include/interfaces/msg/detail/irc__type_support.c
[5.184s] -- Installing: /home/nishimura/program/moriSDS/DiaROS_ros/install/interfaces/include/interfaces/msg/detail/iasr__rosidl_typesupport_introspection_c.h
[5.185s] -- Installing: /home/nishimura/program/moriSDS/DiaROS_ros/install/interfaces/include/interfaces/msg/detail/imm__rosidl_typesupport_introspection_c.h
[5.185s] -- Installing: /home/nishimura/program/moriSDS/DiaROS_ros/install/interfaces/include/interfaces/msg/detail/isa__rosidl_typesupport_introspection_c.h
[5.185s] -- Installing: /home/nishimura/program/moriSDS/DiaROS_ros/install/interfaces/include/interfaces/msg/detail/imm__type_support.c
[5.185s] -- Installing: /home/nishimura/program/moriSDS/DiaROS_ros/install/interfaces/include/interfaces/msg/detail/list__rosidl_typesupport_introspection_c.h
[5.185s] -- Installing: /home/nishimura/program/moriSDS/DiaROS_ros/install/interfaces/include/interfaces/msg/detail/list__type_support.c
[5.185s] -- Installing: /home/nishimura/program/moriSDS/DiaROS_ros/install/interfaces/include/interfaces/msg/detail/iss__rosidl_typesupport_introspection_c.h
[5.185s] -- Installing: /home/nishimura/program/moriSDS/DiaROS_ros/install/interfaces/include/interfaces/msg/detail/iasr__type_support.c
[5.185s] -- Installing: /home/nishimura/program/moriSDS/DiaROS_ros/install/interfaces/include/interfaces/msg/detail/isa__type_support.c
[5.185s] -- Installing: /home/nishimura/program/moriSDS/DiaROS_ros/install/interfaces/include/interfaces/msg/detail/inlg__rosidl_typesupport_introspection_c.h
[5.185s] -- Installing: /home/nishimura/program/moriSDS/DiaROS_ros/install/interfaces/include/interfaces/msg/rosidl_typesupport_introspection_c__visibility_control.h
[5.185s] -- Installing: /home/nishimura/program/moriSDS/DiaROS_ros/install/interfaces/lib/libinterfaces__rosidl_typesupport_introspection_c.so
[5.185s] -- Set runtime path of "/home/nishimura/program/moriSDS/DiaROS_ros/install/interfaces/lib/libinterfaces__rosidl_typesupport_introspection_c.so" to ""
[5.185s] -- Installing: /home/nishimura/program/moriSDS/DiaROS_ros/install/interfaces/lib/libinterfaces__rosidl_typesupport_c.so
[5.185s] -- Set runtime path of "/home/nishimura/program/moriSDS/DiaROS_ros/install/interfaces/lib/libinterfaces__rosidl_typesupport_c.so" to ""
[5.185s] -- Up-to-date: /home/nishimura/program/moriSDS/DiaROS_ros/install/interfaces/include/interfaces
[5.185s] -- Up-to-date: /home/nishimura/program/moriSDS/DiaROS_ros/install/interfaces/include/interfaces/msg
[5.185s] -- Installing: /home/nishimura/program/moriSDS/DiaROS_ros/install/interfaces/include/interfaces/msg/imm.hpp
[5.185s] -- Installing: /home/nishimura/program/moriSDS/DiaROS_ros/install/interfaces/include/interfaces/msg/iss.hpp
[5.185s] -- Installing: /home/nishimura/program/moriSDS/DiaROS_ros/install/interfaces/include/interfaces/msg/iasr.hpp
[5.186s] -- Up-to-date: /home/nishimura/program/moriSDS/DiaROS_ros/install/interfaces/include/interfaces/msg/detail
[5.186s] -- Installing: /home/nishimura/program/moriSDS/DiaROS_ros/install/interfaces/include/interfaces/msg/detail/inlg__traits.hpp
[5.186s] -- Installing: /home/nishimura/program/moriSDS/DiaROS_ros/install/interfaces/include/interfaces/msg/detail/list__struct.hpp
[5.186s] -- Installing: /home/nishimura/program/moriSDS/DiaROS_ros/install/interfaces/include/interfaces/msg/detail/list__traits.hpp
[5.186s] -- Installing: /home/nishimura/program/moriSDS/DiaROS_ros/install/interfaces/include/interfaces/msg/detail/isa__traits.hpp
[5.186s] -- Installing: /home/nishimura/program/moriSDS/DiaROS_ros/install/interfaces/include/interfaces/msg/detail/irc__struct.hpp
[5.186s] -- Installing: /home/nishimura/program/moriSDS/DiaROS_ros/install/interfaces/include/interfaces/msg/detail/irc__builder.hpp
[5.186s] -- Installing: /home/nishimura/program/moriSDS/DiaROS_ros/install/interfaces/include/interfaces/msg/detail/iasr__struct.hpp
[5.186s] -- Installing: /home/nishimura/program/moriSDS/DiaROS_ros/install/interfaces/include/interfaces/msg/detail/iss__traits.hpp
[5.186s] -- Installing: /home/nishimura/program/moriSDS/DiaROS_ros/install/interfaces/include/interfaces/msg/detail/imm__builder.hpp
[5.186s] -- Installing: /home/nishimura/program/moriSDS/DiaROS_ros/install/interfaces/include/interfaces/msg/detail/imm__struct.hpp
[5.186s] -- Installing: /home/nishimura/program/moriSDS/DiaROS_ros/install/interfaces/include/interfaces/msg/detail/isa__struct.hpp
[5.186s] -- Installing: /home/nishimura/program/moriSDS/DiaROS_ros/install/interfaces/include/interfaces/msg/detail/iasr__builder.hpp
[5.186s] -- Installing: /home/nishimura/program/moriSDS/DiaROS_ros/install/interfaces/include/interfaces/msg/detail/iss__builder.hpp
[5.186s] -- Installing: /home/nishimura/program/moriSDS/DiaROS_ros/install/interfaces/include/interfaces/msg/detail/iss__struct.hpp
[5.186s] -- Installing: /home/nishimura/program/moriSDS/DiaROS_ros/install/interfaces/include/interfaces/msg/detail/inlg__builder.hpp
[5.186s] -- Installing: /home/nishimura/program/moriSDS/DiaROS_ros/install/interfaces/include/interfaces/msg/detail/list__builder.hpp
[5.186s] -- Installing: /home/nishimura/program/moriSDS/DiaROS_ros/install/interfaces/include/interfaces/msg/detail/irc__traits.hpp
[5.186s] -- Installing: /home/nishimura/program/moriSDS/DiaROS_ros/install/interfaces/include/interfaces/msg/detail/imm__traits.hpp
[5.186s] -- Installing: /home/nishimura/program/moriSDS/DiaROS_ros/install/interfaces/include/interfaces/msg/detail/iasr__traits.hpp
[5.186s] -- Installing: /home/nishimura/program/moriSDS/DiaROS_ros/install/interfaces/include/interfaces/msg/detail/isa__builder.hpp
[5.186s] -- Installing: /home/nishimura/program/moriSDS/DiaROS_ros/install/interfaces/include/interfaces/msg/detail/inlg__struct.hpp
[5.187s] -- Installing: /home/nishimura/program/moriSDS/DiaROS_ros/install/interfaces/include/interfaces/msg/irc.hpp
[5.187s] -- Installing: /home/nishimura/program/moriSDS/DiaROS_ros/install/interfaces/include/interfaces/msg/list.hpp
[5.187s] -- Installing: /home/nishimura/program/moriSDS/DiaROS_ros/install/interfaces/include/interfaces/msg/isa.hpp
[5.187s] -- Installing: /home/nishimura/program/moriSDS/DiaROS_ros/install/interfaces/include/interfaces/msg/inlg.hpp
[5.187s] -- Up-to-date: /home/nishimura/program/moriSDS/DiaROS_ros/install/interfaces/include/interfaces
[5.187s] -- Up-to-date: /home/nishimura/program/moriSDS/DiaROS_ros/install/interfaces/include/interfaces/msg
[5.187s] -- Up-to-date: /home/nishimura/program/moriSDS/DiaROS_ros/install/interfaces/include/interfaces/msg/detail
[5.187s] -- Installing: /home/nishimura/program/moriSDS/DiaROS_ros/install/interfaces/include/interfaces/msg/detail/inlg__type_support.cpp
[5.187s] -- Installing: /home/nishimura/program/moriSDS/DiaROS_ros/install/interfaces/include/interfaces/msg/detail/imm__rosidl_typesupport_introspection_cpp.hpp
[5.187s] -- Installing: /home/nishimura/program/moriSDS/DiaROS_ros/install/interfaces/include/interfaces/msg/detail/irc__type_support.cpp
[5.187s] -- Installing: /home/nishimura/program/moriSDS/DiaROS_ros/install/interfaces/include/interfaces/msg/detail/iss__type_support.cpp
[5.187s] -- Installing: /home/nishimura/program/moriSDS/DiaROS_ros/install/interfaces/include/interfaces/msg/detail/list__rosidl_typesupport_introspection_cpp.hpp
[5.187s] -- Installing: /home/nishimura/program/moriSDS/DiaROS_ros/install/interfaces/include/interfaces/msg/detail/imm__type_support.cpp
[5.187s] -- Installing: /home/nishimura/program/moriSDS/DiaROS_ros/install/interfaces/include/interfaces/msg/detail/inlg__rosidl_typesupport_introspection_cpp.hpp
[5.187s] -- Installing: /home/nishimura/program/moriSDS/DiaROS_ros/install/interfaces/include/interfaces/msg/detail/iasr__type_support.cpp
[5.187s] -- Installing: /home/nishimura/program/moriSDS/DiaROS_ros/install/interfaces/include/interfaces/msg/detail/isa__type_support.cpp
[5.187s] -- Installing: /home/nishimura/program/moriSDS/DiaROS_ros/install/interfaces/include/interfaces/msg/detail/isa__rosidl_typesupport_introspection_cpp.hpp
[5.187s] -- Installing: /home/nishimura/program/moriSDS/DiaROS_ros/install/interfaces/include/interfaces/msg/detail/irc__rosidl_typesupport_introspection_cpp.hpp
[5.187s] -- Installing: /home/nishimura/program/moriSDS/DiaROS_ros/install/interfaces/include/interfaces/msg/detail/list__type_support.cpp
[5.187s] -- Installing: /home/nishimura/program/moriSDS/DiaROS_ros/install/interfaces/include/interfaces/msg/detail/iss__rosidl_typesupport_introspection_cpp.hpp
[5.187s] -- Installing: /home/nishimura/program/moriSDS/DiaROS_ros/install/interfaces/include/interfaces/msg/detail/iasr__rosidl_typesupport_introspection_cpp.hpp
[5.187s] -- Installing: /home/nishimura/program/moriSDS/DiaROS_ros/install/interfaces/lib/libinterfaces__rosidl_typesupport_introspection_cpp.so
[5.187s] -- Set runtime path of "/home/nishimura/program/moriSDS/DiaROS_ros/install/interfaces/lib/libinterfaces__rosidl_typesupport_introspection_cpp.so" to ""
[5.188s] -- Installing: /home/nishimura/program/moriSDS/DiaROS_ros/install/interfaces/lib/libinterfaces__rosidl_typesupport_cpp.so
[5.188s] -- Set runtime path of "/home/nishimura/program/moriSDS/DiaROS_ros/install/interfaces/lib/libinterfaces__rosidl_typesupport_cpp.so" to ""
[5.188s] -- Installing: /home/nishimura/program/moriSDS/DiaROS_ros/install/interfaces/share/interfaces/environment/pythonpath.sh
[5.188s] -- Installing: /home/nishimura/program/moriSDS/DiaROS_ros/install/interfaces/share/interfaces/environment/pythonpath.dsv
[5.188s] -- Installing: /home/nishimura/program/moriSDS/DiaROS_ros/install/interfaces/lib/python3.8/site-packages/interfaces/__init__.py
[5.259s] Compiling '/home/nishimura/program/moriSDS/DiaROS_ros/install/interfaces/lib/python3.8/site-packages/interfaces/__init__.py'...
[5.262s] -- Installing: /home/nishimura/program/moriSDS/DiaROS_ros/install/interfaces/lib/python3.8/site-packages/interfaces/msg
[5.262s] -- Installing: /home/nishimura/program/moriSDS/DiaROS_ros/install/interfaces/lib/python3.8/site-packages/interfaces/msg/_imm_s.c
[5.262s] -- Installing: /home/nishimura/program/moriSDS/DiaROS_ros/install/interfaces/lib/python3.8/site-packages/interfaces/msg/_imm.py
[5.262s] -- Installing: /home/nishimura/program/moriSDS/DiaROS_ros/install/interfaces/lib/python3.8/site-packages/interfaces/msg/_iss.py
[5.263s] -- Installing: /home/nishimura/program/moriSDS/DiaROS_ros/install/interfaces/lib/python3.8/site-packages/interfaces/msg/_irc.py
[5.263s] -- Installing: /home/nishimura/program/moriSDS/DiaROS_ros/install/interfaces/lib/python3.8/site-packages/interfaces/msg/_inlg.py
[5.263s] -- Installing: /home/nishimura/program/moriSDS/DiaROS_ros/install/interfaces/lib/python3.8/site-packages/interfaces/msg/_list_s.c
[5.263s] -- Installing: /home/nishimura/program/moriSDS/DiaROS_ros/install/interfaces/lib/python3.8/site-packages/interfaces/msg/_iasr_s.c
[5.263s] -- Installing: /home/nishimura/program/moriSDS/DiaROS_ros/install/interfaces/lib/python3.8/site-packages/interfaces/msg/_iasr.py
[5.263s] -- Installing: /home/nishimura/program/moriSDS/DiaROS_ros/install/interfaces/lib/python3.8/site-packages/interfaces/msg/_inlg_s.c
[5.264s] -- Installing: /home/nishimura/program/moriSDS/DiaROS_ros/install/interfaces/lib/python3.8/site-packages/interfaces/msg/__init__.py
[5.264s] -- Installing: /home/nishimura/program/moriSDS/DiaROS_ros/install/interfaces/lib/python3.8/site-packages/interfaces/msg/_list.py
[5.264s] -- Installing: /home/nishimura/program/moriSDS/DiaROS_ros/install/interfaces/lib/python3.8/site-packages/interfaces/msg/_iss_s.c
[5.264s] -- Installing: /home/nishimura/program/moriSDS/DiaROS_ros/install/interfaces/lib/python3.8/site-packages/interfaces/msg/_irc_s.c
[5.264s] -- Installing: /home/nishimura/program/moriSDS/DiaROS_ros/install/interfaces/lib/python3.8/site-packages/interfaces/msg/_isa.py
[5.264s] -- Installing: /home/nishimura/program/moriSDS/DiaROS_ros/install/interfaces/lib/python3.8/site-packages/interfaces/msg/_isa_s.c
[5.265s] -- Installing: /home/nishimura/program/moriSDS/DiaROS_ros/install/interfaces/lib/python3.8/site-packages/interfaces/interfaces_s__rosidl_typesupport_fastrtps_c.cpython-38-x86_64-linux-gnu.so
[5.266s] -- Set runtime path of "/home/nishimura/program/moriSDS/DiaROS_ros/install/interfaces/lib/python3.8/site-packages/interfaces/interfaces_s__rosidl_typesupport_fastrtps_c.cpython-38-x86_64-linux-gnu.so" to ""
[5.266s] -- Installing: /home/nishimura/program/moriSDS/DiaROS_ros/install/interfaces/lib/python3.8/site-packages/interfaces/interfaces_s__rosidl_typesupport_introspection_c.cpython-38-x86_64-linux-gnu.so
[5.267s] -- Set runtime path of "/home/nishimura/program/moriSDS/DiaROS_ros/install/interfaces/lib/python3.8/site-packages/interfaces/interfaces_s__rosidl_typesupport_introspection_c.cpython-38-x86_64-linux-gnu.so" to ""
[5.267s] -- Installing: /home/nishimura/program/moriSDS/DiaROS_ros/install/interfaces/lib/python3.8/site-packages/interfaces/interfaces_s__rosidl_typesupport_c.cpython-38-x86_64-linux-gnu.so
[5.268s] -- Set runtime path of "/home/nishimura/program/moriSDS/DiaROS_ros/install/interfaces/lib/python3.8/site-packages/interfaces/interfaces_s__rosidl_typesupport_c.cpython-38-x86_64-linux-gnu.so" to ""
[5.268s] -- Installing: /home/nishimura/program/moriSDS/DiaROS_ros/install/interfaces/lib/libinterfaces__python.so
[5.268s] -- Set runtime path of "/home/nishimura/program/moriSDS/DiaROS_ros/install/interfaces/lib/libinterfaces__python.so" to ""
[5.269s] -- Installing: /home/nishimura/program/moriSDS/DiaROS_ros/install/interfaces/share/interfaces/msg/List.idl
[5.269s] -- Installing: /home/nishimura/program/moriSDS/DiaROS_ros/install/interfaces/share/interfaces/msg/Iasr.idl
[5.269s] -- Installing: /home/nishimura/program/moriSDS/DiaROS_ros/install/interfaces/share/interfaces/msg/Isa.idl
[5.269s] -- Installing: /home/nishimura/program/moriSDS/DiaROS_ros/install/interfaces/share/interfaces/msg/Irc.idl
[5.270s] -- Installing: /home/nishimura/program/moriSDS/DiaROS_ros/install/interfaces/share/interfaces/msg/Inlg.idl
[5.270s] -- Installing: /home/nishimura/program/moriSDS/DiaROS_ros/install/interfaces/share/interfaces/msg/Iss.idl
[5.270s] -- Installing: /home/nishimura/program/moriSDS/DiaROS_ros/install/interfaces/share/interfaces/msg/Imm.idl
[5.270s] -- Installing: /home/nishimura/program/moriSDS/DiaROS_ros/install/interfaces/share/interfaces/msg/List.msg
[5.270s] -- Installing: /home/nishimura/program/moriSDS/DiaROS_ros/install/interfaces/share/interfaces/msg/Iasr.msg
[5.271s] -- Installing: /home/nishimura/program/moriSDS/DiaROS_ros/install/interfaces/share/interfaces/msg/Isa.msg
[5.271s] -- Installing: /home/nishimura/program/moriSDS/DiaROS_ros/install/interfaces/share/interfaces/msg/Irc.msg
[5.271s] -- Installing: /home/nishimura/program/moriSDS/DiaROS_ros/install/interfaces/share/interfaces/msg/Inlg.msg
[5.271s] -- Installing: /home/nishimura/program/moriSDS/DiaROS_ros/install/interfaces/share/interfaces/msg/Iss.msg
[5.271s] -- Installing: /home/nishimura/program/moriSDS/DiaROS_ros/install/interfaces/share/interfaces/msg/Imm.msg
[5.271s] -- Installing: /home/nishimura/program/moriSDS/DiaROS_ros/install/interfaces/share/ament_index/resource_index/package_run_dependencies/interfaces
[5.271s] -- Installing: /home/nishimura/program/moriSDS/DiaROS_ros/install/interfaces/share/ament_index/resource_index/parent_prefix_path/interfaces
[5.271s] -- Installing: /home/nishimura/program/moriSDS/DiaROS_ros/install/interfaces/share/interfaces/environment/ament_prefix_path.sh
[5.272s] -- Installing: /home/nishimura/program/moriSDS/DiaROS_ros/install/interfaces/share/interfaces/environment/ament_prefix_path.dsv
[5.272s] -- Installing: /home/nishimura/program/moriSDS/DiaROS_ros/install/interfaces/share/interfaces/environment/path.sh
[5.272s] -- Installing: /home/nishimura/program/moriSDS/DiaROS_ros/install/interfaces/share/interfaces/environment/path.dsv
[5.272s] -- Installing: /home/nishimura/program/moriSDS/DiaROS_ros/install/interfaces/share/interfaces/local_setup.bash
[5.272s] -- Installing: /home/nishimura/program/moriSDS/DiaROS_ros/install/interfaces/share/interfaces/local_setup.sh
[5.272s] -- Installing: /home/nishimura/program/moriSDS/DiaROS_ros/install/interfaces/share/interfaces/local_setup.zsh
[5.272s] -- Installing: /home/nishimura/program/moriSDS/DiaROS_ros/install/interfaces/share/interfaces/local_setup.dsv
[5.272s] -- Installing: /home/nishimura/program/moriSDS/DiaROS_ros/install/interfaces/share/interfaces/package.dsv
[5.273s] -- Installing: /home/nishimura/program/moriSDS/DiaROS_ros/install/interfaces/share/ament_index/resource_index/packages/interfaces
[5.273s] -- Installing: /home/nishimura/program/moriSDS/DiaROS_ros/install/interfaces/share/interfaces/cmake/interfaces__rosidl_generator_cExport.cmake
[5.273s] -- Installing: /home/nishimura/program/moriSDS/DiaROS_ros/install/interfaces/share/interfaces/cmake/interfaces__rosidl_generator_cExport-noconfig.cmake
[5.273s] -- Installing: /home/nishimura/program/moriSDS/DiaROS_ros/install/interfaces/share/interfaces/cmake/interfaces__rosidl_typesupport_introspection_cExport.cmake
[5.273s] -- Installing: /home/nishimura/program/moriSDS/DiaROS_ros/install/interfaces/share/interfaces/cmake/interfaces__rosidl_typesupport_introspection_cExport-noconfig.cmake
[5.273s] -- Installing: /home/nishimura/program/moriSDS/DiaROS_ros/install/interfaces/share/interfaces/cmake/interfaces__rosidl_typesupport_cExport.cmake
[5.273s] -- Installing: /home/nishimura/program/moriSDS/DiaROS_ros/install/interfaces/share/interfaces/cmake/interfaces__rosidl_typesupport_cExport-noconfig.cmake
[5.274s] -- Installing: /home/nishimura/program/moriSDS/DiaROS_ros/install/interfaces/share/interfaces/cmake/interfaces__rosidl_generator_cppExport.cmake
[5.274s] -- Installing: /home/nishimura/program/moriSDS/DiaROS_ros/install/interfaces/share/interfaces/cmake/interfaces__rosidl_typesupport_introspection_cppExport.cmake
[5.274s] -- Installing: /home/nishimura/program/moriSDS/DiaROS_ros/install/interfaces/share/interfaces/cmake/interfaces__rosidl_typesupport_introspection_cppExport-noconfig.cmake
[5.274s] -- Installing: /home/nishimura/program/moriSDS/DiaROS_ros/install/interfaces/share/interfaces/cmake/interfaces__rosidl_typesupport_cppExport.cmake
[5.274s] -- Installing: /home/nishimura/program/moriSDS/DiaROS_ros/install/interfaces/share/interfaces/cmake/interfaces__rosidl_typesupport_cppExport-noconfig.cmake
[5.274s] -- Installing: /home/nishimura/program/moriSDS/DiaROS_ros/install/interfaces/share/interfaces/cmake/rosidl_cmake-extras.cmake
[5.274s] -- Installing: /home/nishimura/program/moriSDS/DiaROS_ros/install/interfaces/share/interfaces/cmake/ament_cmake_export_dependencies-extras.cmake
[5.274s] -- Installing: /home/nishimura/program/moriSDS/DiaROS_ros/install/interfaces/share/interfaces/cmake/ament_cmake_export_libraries-extras.cmake
[5.275s] -- Installing: /home/nishimura/program/moriSDS/DiaROS_ros/install/interfaces/share/interfaces/cmake/ament_cmake_export_targets-extras.cmake
[5.275s] -- Installing: /home/nishimura/program/moriSDS/DiaROS_ros/install/interfaces/share/interfaces/cmake/ament_cmake_export_include_directories-extras.cmake
[5.275s] -- Installing: /home/nishimura/program/moriSDS/DiaROS_ros/install/interfaces/share/interfaces/cmake/rosidl_cmake_export_typesupport_libraries-extras.cmake
[5.275s] -- Installing: /home/nishimura/program/moriSDS/DiaROS_ros/install/interfaces/share/interfaces/cmake/rosidl_cmake_export_typesupport_targets-extras.cmake
[5.275s] -- Installing: /home/nishimura/program/moriSDS/DiaROS_ros/install/interfaces/share/interfaces/cmake/interfacesConfig.cmake
[5.275s] -- Installing: /home/nishimura/program/moriSDS/DiaROS_ros/install/interfaces/share/interfaces/cmake/interfacesConfig-version.cmake
[5.275s] -- Installing: /home/nishimura/program/moriSDS/DiaROS_ros/install/interfaces/share/interfaces/package.xml
[5.278s] Invoked command in '/home/nishimura/program/moriSDS/DiaROS_ros/build/interfaces' returned '0': /usr/bin/cmake --install /home/nishimura/program/moriSDS/DiaROS_ros/build/interfaces
