[0.415s] Invoking command in '/home/nishimura/program/moriSDS/DiaROS_ros/src/diaros_package': PYTHONPATH=/home/nishimura/program/moriSDS/DiaROS_ros/install/diaros_package/lib/python3.8/site-packages:${PYTHONPATH} /usr/bin/python3 setup.py egg_info --egg-base ../../build/diaros_package build --build-base /home/nishimura/program/moriSDS/DiaROS_ros/build/diaros_package/build install --prefix /home/nishimura/program/moriSDS/DiaROS_ros/install/diaros_package --record /home/nishimura/program/moriSDS/DiaROS_ros/build/diaros_package/install.log --single-version-externally-managed
[0.538s] running egg_info
[0.538s] creating ../../build/diaros_package/diaros_package.egg-info
[0.538s] writing ../../build/diaros_package/diaros_package.egg-info/PKG-INFO
[0.538s] writing dependency_links to ../../build/diaros_package/diaros_package.egg-info/dependency_links.txt
[0.538s] writing entry points to ../../build/diaros_package/diaros_package.egg-info/entry_points.txt
[0.538s] writing requirements to ../../build/diaros_package/diaros_package.egg-info/requires.txt
[0.539s] writing top-level names to ../../build/diaros_package/diaros_package.egg-info/top_level.txt
[0.539s] writing manifest file '../../build/diaros_package/diaros_package.egg-info/SOURCES.txt'
[0.562s] reading manifest file '../../build/diaros_package/diaros_package.egg-info/SOURCES.txt'
[0.563s] writing manifest file '../../build/diaros_package/diaros_package.egg-info/SOURCES.txt'
[0.563s] running build
[0.563s] running build_py
[0.563s] creating /home/nishimura/program/moriSDS/DiaROS_ros/build/diaros_package/build
[0.563s] creating /home/nishimura/program/moriSDS/DiaROS_ros/build/diaros_package/build/lib
[0.563s] creating /home/nishimura/program/moriSDS/DiaROS_ros/build/diaros_package/build/lib/diaros_package
[0.563s] copying diaros_package/ros2_rc.py -> /home/nishimura/program/moriSDS/DiaROS_ros/build/diaros_package/build/lib/diaros_package
[0.564s] copying diaros_package/ros2_ss.py -> /home/nishimura/program/moriSDS/DiaROS_ros/build/diaros_package/build/lib/diaros_package
[0.564s] copying diaros_package/ros2_nlg.py -> /home/nishimura/program/moriSDS/DiaROS_ros/build/diaros_package/build/lib/diaros_package
[0.564s] copying diaros_package/ros2_dr.py -> /home/nishimura/program/moriSDS/DiaROS_ros/build/diaros_package/build/lib/diaros_package
[0.564s] copying diaros_package/__init__.py -> /home/nishimura/program/moriSDS/DiaROS_ros/build/diaros_package/build/lib/diaros_package
[0.564s] copying diaros_package/ros2_dm.py -> /home/nishimura/program/moriSDS/DiaROS_ros/build/diaros_package/build/lib/diaros_package
[0.564s] copying diaros_package/listener.py -> /home/nishimura/program/moriSDS/DiaROS_ros/build/diaros_package/build/lib/diaros_package
[0.564s] copying diaros_package/ros2_lu.py -> /home/nishimura/program/moriSDS/DiaROS_ros/build/diaros_package/build/lib/diaros_package
[0.564s] copying diaros_package/ros2_sm.py -> /home/nishimura/program/moriSDS/DiaROS_ros/build/diaros_package/build/lib/diaros_package
[0.564s] copying diaros_package/testModule.py -> /home/nishimura/program/moriSDS/DiaROS_ros/build/diaros_package/build/lib/diaros_package
[0.565s] copying diaros_package/publisher.py -> /home/nishimura/program/moriSDS/DiaROS_ros/build/diaros_package/build/lib/diaros_package
[0.565s] copying diaros_package/ros2_mm.py -> /home/nishimura/program/moriSDS/DiaROS_ros/build/diaros_package/build/lib/diaros_package
[0.565s] running install
[0.565s] running install_lib
[0.565s] creating /home/nishimura/program/moriSDS/DiaROS_ros/install/diaros_package/lib/python3.8/site-packages/diaros_package
[0.565s] copying /home/nishimura/program/moriSDS/DiaROS_ros/build/diaros_package/build/lib/diaros_package/ros2_rc.py -> /home/nishimura/program/moriSDS/DiaROS_ros/install/diaros_package/lib/python3.8/site-packages/diaros_package
[0.565s] copying /home/nishimura/program/moriSDS/DiaROS_ros/build/diaros_package/build/lib/diaros_package/ros2_ss.py -> /home/nishimura/program/moriSDS/DiaROS_ros/install/diaros_package/lib/python3.8/site-packages/diaros_package
[0.565s] copying /home/nishimura/program/moriSDS/DiaROS_ros/build/diaros_package/build/lib/diaros_package/ros2_nlg.py -> /home/nishimura/program/moriSDS/DiaROS_ros/install/diaros_package/lib/python3.8/site-packages/diaros_package
[0.565s] copying /home/nishimura/program/moriSDS/DiaROS_ros/build/diaros_package/build/lib/diaros_package/ros2_dr.py -> /home/nishimura/program/moriSDS/DiaROS_ros/install/diaros_package/lib/python3.8/site-packages/diaros_package
[0.566s] copying /home/nishimura/program/moriSDS/DiaROS_ros/build/diaros_package/build/lib/diaros_package/__init__.py -> /home/nishimura/program/moriSDS/DiaROS_ros/install/diaros_package/lib/python3.8/site-packages/diaros_package
[0.566s] copying /home/nishimura/program/moriSDS/DiaROS_ros/build/diaros_package/build/lib/diaros_package/ros2_dm.py -> /home/nishimura/program/moriSDS/DiaROS_ros/install/diaros_package/lib/python3.8/site-packages/diaros_package
[0.566s] copying /home/nishimura/program/moriSDS/DiaROS_ros/build/diaros_package/build/lib/diaros_package/listener.py -> /home/nishimura/program/moriSDS/DiaROS_ros/install/diaros_package/lib/python3.8/site-packages/diaros_package
[0.566s] copying /home/nishimura/program/moriSDS/DiaROS_ros/build/diaros_package/build/lib/diaros_package/ros2_lu.py -> /home/nishimura/program/moriSDS/DiaROS_ros/install/diaros_package/lib/python3.8/site-packages/diaros_package
[0.566s] copying /home/nishimura/program/moriSDS/DiaROS_ros/build/diaros_package/build/lib/diaros_package/ros2_sm.py -> /home/nishimura/program/moriSDS/DiaROS_ros/install/diaros_package/lib/python3.8/site-packages/diaros_package
[0.566s] copying /home/nishimura/program/moriSDS/DiaROS_ros/build/diaros_package/build/lib/diaros_package/testModule.py -> /home/nishimura/program/moriSDS/DiaROS_ros/install/diaros_package/lib/python3.8/site-packages/diaros_package
[0.566s] copying /home/nishimura/program/moriSDS/DiaROS_ros/build/diaros_package/build/lib/diaros_package/publisher.py -> /home/nishimura/program/moriSDS/DiaROS_ros/install/diaros_package/lib/python3.8/site-packages/diaros_package
[0.566s] copying /home/nishimura/program/moriSDS/DiaROS_ros/build/diaros_package/build/lib/diaros_package/ros2_mm.py -> /home/nishimura/program/moriSDS/DiaROS_ros/install/diaros_package/lib/python3.8/site-packages/diaros_package
[0.566s] byte-compiling /home/nishimura/program/moriSDS/DiaROS_ros/install/diaros_package/lib/python3.8/site-packages/diaros_package/ros2_rc.py to ros2_rc.cpython-38.pyc
[0.567s] byte-compiling /home/nishimura/program/moriSDS/DiaROS_ros/install/diaros_package/lib/python3.8/site-packages/diaros_package/ros2_ss.py to ros2_ss.cpython-38.pyc
[0.567s] byte-compiling /home/nishimura/program/moriSDS/DiaROS_ros/install/diaros_package/lib/python3.8/site-packages/diaros_package/ros2_nlg.py to ros2_nlg.cpython-38.pyc
[0.567s] byte-compiling /home/nishimura/program/moriSDS/DiaROS_ros/install/diaros_package/lib/python3.8/site-packages/diaros_package/ros2_dr.py to ros2_dr.cpython-38.pyc
[0.568s] byte-compiling /home/nishimura/program/moriSDS/DiaROS_ros/install/diaros_package/lib/python3.8/site-packages/diaros_package/__init__.py to __init__.cpython-38.pyc
[0.568s] byte-compiling /home/nishimura/program/moriSDS/DiaROS_ros/install/diaros_package/lib/python3.8/site-packages/diaros_package/ros2_dm.py to ros2_dm.cpython-38.pyc
[0.568s] byte-compiling /home/nishimura/program/moriSDS/DiaROS_ros/install/diaros_package/lib/python3.8/site-packages/diaros_package/listener.py to listener.cpython-38.pyc
[0.568s] byte-compiling /home/nishimura/program/moriSDS/DiaROS_ros/install/diaros_package/lib/python3.8/site-packages/diaros_package/ros2_lu.py to ros2_lu.cpython-38.pyc
[0.569s] byte-compiling /home/nishimura/program/moriSDS/DiaROS_ros/install/diaros_package/lib/python3.8/site-packages/diaros_package/ros2_sm.py to ros2_sm.cpython-38.pyc
[0.569s] byte-compiling /home/nishimura/program/moriSDS/DiaROS_ros/install/diaros_package/lib/python3.8/site-packages/diaros_package/testModule.py to testModule.cpython-38.pyc
[0.569s] byte-compiling /home/nishimura/program/moriSDS/DiaROS_ros/install/diaros_package/lib/python3.8/site-packages/diaros_package/publisher.py to publisher.cpython-38.pyc
[0.569s] byte-compiling /home/nishimura/program/moriSDS/DiaROS_ros/install/diaros_package/lib/python3.8/site-packages/diaros_package/ros2_mm.py to ros2_mm.cpython-38.pyc
[0.570s] running install_data
[0.570s] creating /home/nishimura/program/moriSDS/DiaROS_ros/install/diaros_package/share/ament_index
[0.570s] creating /home/nishimura/program/moriSDS/DiaROS_ros/install/diaros_package/share/ament_index/resource_index
[0.570s] creating /home/nishimura/program/moriSDS/DiaROS_ros/install/diaros_package/share/ament_index/resource_index/packages
[0.570s] copying resource/diaros_package -> /home/nishimura/program/moriSDS/DiaROS_ros/install/diaros_package/share/ament_index/resource_index/packages
[0.570s] copying package.xml -> /home/nishimura/program/moriSDS/DiaROS_ros/install/diaros_package/share/diaros_package
[0.570s] copying launch/sdsmod.launch.py -> /home/nishimura/program/moriSDS/DiaROS_ros/install/diaros_package/share/diaros_package
[0.571s] copying launch/test.launch.py -> /home/nishimura/program/moriSDS/DiaROS_ros/install/diaros_package/share/diaros_package
[0.571s] running install_egg_info
[0.571s] Copying ../../build/diaros_package/diaros_package.egg-info to /home/nishimura/program/moriSDS/DiaROS_ros/install/diaros_package/lib/python3.8/site-packages/diaros_package-0.0.0-py3.8.egg-info
[0.571s] running install_scripts
[0.582s] Installing dm script to /home/nishimura/program/moriSDS/DiaROS_ros/install/diaros_package/lib/diaros_package
[0.582s] Installing dr script to /home/nishimura/program/moriSDS/DiaROS_ros/install/diaros_package/lib/diaros_package
[0.582s] Installing lu script to /home/nishimura/program/moriSDS/DiaROS_ros/install/diaros_package/lib/diaros_package
[0.582s] Installing mm script to /home/nishimura/program/moriSDS/DiaROS_ros/install/diaros_package/lib/diaros_package
[0.582s] Installing nlg script to /home/nishimura/program/moriSDS/DiaROS_ros/install/diaros_package/lib/diaros_package
[0.582s] Installing pub script to /home/nishimura/program/moriSDS/DiaROS_ros/install/diaros_package/lib/diaros_package
[0.582s] Installing rc script to /home/nishimura/program/moriSDS/DiaROS_ros/install/diaros_package/lib/diaros_package
[0.582s] Installing relay script to /home/nishimura/program/moriSDS/DiaROS_ros/install/diaros_package/lib/diaros_package
[0.582s] Installing sm script to /home/nishimura/program/moriSDS/DiaROS_ros/install/diaros_package/lib/diaros_package
[0.582s] Installing ss script to /home/nishimura/program/moriSDS/DiaROS_ros/install/diaros_package/lib/diaros_package
[0.583s] Installing sub script to /home/nishimura/program/moriSDS/DiaROS_ros/install/diaros_package/lib/diaros_package
[0.583s] writing list of installed files to '/home/nishimura/program/moriSDS/DiaROS_ros/build/diaros_package/install.log'
[0.594s] Invoked command in '/home/nishimura/program/moriSDS/DiaROS_ros/src/diaros_package' returned '0': PYTHONPATH=/home/nishimura/program/moriSDS/DiaROS_ros/install/diaros_package/lib/python3.8/site-packages:${PYTHONPATH} /usr/bin/python3 setup.py egg_info --egg-base ../../build/diaros_package build --build-base /home/nishimura/program/moriSDS/DiaROS_ros/build/diaros_package/build install --prefix /home/nishimura/program/moriSDS/DiaROS_ros/install/diaros_package --record /home/nishimura/program/moriSDS/DiaROS_ros/build/diaros_package/install.log --single-version-externally-managed
